Start testing: Dec 08 17:24 CST
----------------------------------------------------------
1/468 Testing: LexerBasicTest.EmptySourceProducesEOF
1/468 Test: LexerBasicTest.EmptySourceProducesEOF
Command: "/Users/mac/Desktop/c-compiler/software-engineering-project/build/tests/test_lexer_basic" "--gtest_filter=LexerBasicTest.EmptySourceProducesEOF" "--gtest_also_run_disabled_tests"
Directory: /Users/mac/Desktop/c-compiler/software-engineering-project/build/tests
"LexerBasicTest.EmptySourceProducesEOF" start time: Dec 08 17:24 CST
Output:
----------------------------------------------------------
Running main() from /Users/mac/Desktop/c-compiler/software-engineering-project/build/_deps/googletest-src/googletest/src/gtest_main.cc
Note: Google Test filter = LexerBasicTest.EmptySourceProducesEOF
[==========] Running 1 test from 1 test suite.
[----------] Global test environment set-up.
[----------] 1 test from LexerBasicTest
[ RUN      ] LexerBasicTest.EmptySourceProducesEOF
[       OK ] LexerBasicTest.EmptySourceProducesEOF (0 ms)
[----------] 1 test from LexerBasicTest (0 ms total)

[----------] Global test environment tear-down
[==========] 1 test from 1 test suite ran. (0 ms total)
[  PASSED  ] 1 test.
<end of output>
Test time =   0.01 sec
----------------------------------------------------------
Test Passed.
"LexerBasicTest.EmptySourceProducesEOF" end time: Dec 08 17:24 CST
"LexerBasicTest.EmptySourceProducesEOF" time elapsed: 00:00:00
----------------------------------------------------------

2/468 Testing: LexerBasicTest.WhitespaceOnlyProducesEOF
2/468 Test: LexerBasicTest.WhitespaceOnlyProducesEOF
Command: "/Users/mac/Desktop/c-compiler/software-engineering-project/build/tests/test_lexer_basic" "--gtest_filter=LexerBasicTest.WhitespaceOnlyProducesEOF" "--gtest_also_run_disabled_tests"
Directory: /Users/mac/Desktop/c-compiler/software-engineering-project/build/tests
"LexerBasicTest.WhitespaceOnlyProducesEOF" start time: Dec 08 17:24 CST
Output:
----------------------------------------------------------
Running main() from /Users/mac/Desktop/c-compiler/software-engineering-project/build/_deps/googletest-src/googletest/src/gtest_main.cc
Note: Google Test filter = LexerBasicTest.WhitespaceOnlyProducesEOF
[==========] Running 1 test from 1 test suite.
[----------] Global test environment set-up.
[----------] 1 test from LexerBasicTest
[ RUN      ] LexerBasicTest.WhitespaceOnlyProducesEOF
[       OK ] LexerBasicTest.WhitespaceOnlyProducesEOF (0 ms)
[----------] 1 test from LexerBasicTest (0 ms total)

[----------] Global test environment tear-down
[==========] 1 test from 1 test suite ran. (0 ms total)
[  PASSED  ] 1 test.
<end of output>
Test time =   0.01 sec
----------------------------------------------------------
Test Passed.
"LexerBasicTest.WhitespaceOnlyProducesEOF" end time: Dec 08 17:24 CST
"LexerBasicTest.WhitespaceOnlyProducesEOF" time elapsed: 00:00:00
----------------------------------------------------------

3/468 Testing: LexerBasicTest.SingleLineCommentSkipped
3/468 Test: LexerBasicTest.SingleLineCommentSkipped
Command: "/Users/mac/Desktop/c-compiler/software-engineering-project/build/tests/test_lexer_basic" "--gtest_filter=LexerBasicTest.SingleLineCommentSkipped" "--gtest_also_run_disabled_tests"
Directory: /Users/mac/Desktop/c-compiler/software-engineering-project/build/tests
"LexerBasicTest.SingleLineCommentSkipped" start time: Dec 08 17:24 CST
Output:
----------------------------------------------------------
Running main() from /Users/mac/Desktop/c-compiler/software-engineering-project/build/_deps/googletest-src/googletest/src/gtest_main.cc
Note: Google Test filter = LexerBasicTest.SingleLineCommentSkipped
[==========] Running 1 test from 1 test suite.
[----------] Global test environment set-up.
[----------] 1 test from LexerBasicTest
[ RUN      ] LexerBasicTest.SingleLineCommentSkipped
[       OK ] LexerBasicTest.SingleLineCommentSkipped (0 ms)
[----------] 1 test from LexerBasicTest (0 ms total)

[----------] Global test environment tear-down
[==========] 1 test from 1 test suite ran. (0 ms total)
[  PASSED  ] 1 test.
<end of output>
Test time =   0.01 sec
----------------------------------------------------------
Test Passed.
"LexerBasicTest.SingleLineCommentSkipped" end time: Dec 08 17:24 CST
"LexerBasicTest.SingleLineCommentSkipped" time elapsed: 00:00:00
----------------------------------------------------------

4/468 Testing: LexerBasicTest.MultiLineCommentSkipped
4/468 Test: LexerBasicTest.MultiLineCommentSkipped
Command: "/Users/mac/Desktop/c-compiler/software-engineering-project/build/tests/test_lexer_basic" "--gtest_filter=LexerBasicTest.MultiLineCommentSkipped" "--gtest_also_run_disabled_tests"
Directory: /Users/mac/Desktop/c-compiler/software-engineering-project/build/tests
"LexerBasicTest.MultiLineCommentSkipped" start time: Dec 08 17:24 CST
Output:
----------------------------------------------------------
Running main() from /Users/mac/Desktop/c-compiler/software-engineering-project/build/_deps/googletest-src/googletest/src/gtest_main.cc
Note: Google Test filter = LexerBasicTest.MultiLineCommentSkipped
[==========] Running 1 test from 1 test suite.
[----------] Global test environment set-up.
[----------] 1 test from LexerBasicTest
[ RUN      ] LexerBasicTest.MultiLineCommentSkipped
[       OK ] LexerBasicTest.MultiLineCommentSkipped (0 ms)
[----------] 1 test from LexerBasicTest (0 ms total)

[----------] Global test environment tear-down
[==========] 1 test from 1 test suite ran. (0 ms total)
[  PASSED  ] 1 test.
<end of output>
Test time =   0.01 sec
----------------------------------------------------------
Test Passed.
"LexerBasicTest.MultiLineCommentSkipped" end time: Dec 08 17:24 CST
"LexerBasicTest.MultiLineCommentSkipped" time elapsed: 00:00:00
----------------------------------------------------------

5/468 Testing: LexerBasicTest.InterleavedComments
5/468 Test: LexerBasicTest.InterleavedComments
Command: "/Users/mac/Desktop/c-compiler/software-engineering-project/build/tests/test_lexer_basic" "--gtest_filter=LexerBasicTest.InterleavedComments" "--gtest_also_run_disabled_tests"
Directory: /Users/mac/Desktop/c-compiler/software-engineering-project/build/tests
"LexerBasicTest.InterleavedComments" start time: Dec 08 17:24 CST
Output:
----------------------------------------------------------
Running main() from /Users/mac/Desktop/c-compiler/software-engineering-project/build/_deps/googletest-src/googletest/src/gtest_main.cc
Note: Google Test filter = LexerBasicTest.InterleavedComments
[==========] Running 1 test from 1 test suite.
[----------] Global test environment set-up.
[----------] 1 test from LexerBasicTest
[ RUN      ] LexerBasicTest.InterleavedComments
[       OK ] LexerBasicTest.InterleavedComments (0 ms)
[----------] 1 test from LexerBasicTest (0 ms total)

[----------] Global test environment tear-down
[==========] 1 test from 1 test suite ran. (0 ms total)
[  PASSED  ] 1 test.
<end of output>
Test time =   0.01 sec
----------------------------------------------------------
Test Passed.
"LexerBasicTest.InterleavedComments" end time: Dec 08 17:24 CST
"LexerBasicTest.InterleavedComments" time elapsed: 00:00:00
----------------------------------------------------------

6/468 Testing: LexerBasicTest.SimpleTokenSequence
6/468 Test: LexerBasicTest.SimpleTokenSequence
Command: "/Users/mac/Desktop/c-compiler/software-engineering-project/build/tests/test_lexer_basic" "--gtest_filter=LexerBasicTest.SimpleTokenSequence" "--gtest_also_run_disabled_tests"
Directory: /Users/mac/Desktop/c-compiler/software-engineering-project/build/tests
"LexerBasicTest.SimpleTokenSequence" start time: Dec 08 17:24 CST
Output:
----------------------------------------------------------
Running main() from /Users/mac/Desktop/c-compiler/software-engineering-project/build/_deps/googletest-src/googletest/src/gtest_main.cc
Note: Google Test filter = LexerBasicTest.SimpleTokenSequence
[==========] Running 1 test from 1 test suite.
[----------] Global test environment set-up.
[----------] 1 test from LexerBasicTest
[ RUN      ] LexerBasicTest.SimpleTokenSequence
[       OK ] LexerBasicTest.SimpleTokenSequence (0 ms)
[----------] 1 test from LexerBasicTest (0 ms total)

[----------] Global test environment tear-down
[==========] 1 test from 1 test suite ran. (0 ms total)
[  PASSED  ] 1 test.
<end of output>
Test time =   0.01 sec
----------------------------------------------------------
Test Passed.
"LexerBasicTest.SimpleTokenSequence" end time: Dec 08 17:24 CST
"LexerBasicTest.SimpleTokenSequence" time elapsed: 00:00:00
----------------------------------------------------------

7/468 Testing: LexerBasicTest.NoWhitespaceBetweenDelimiters
7/468 Test: LexerBasicTest.NoWhitespaceBetweenDelimiters
Command: "/Users/mac/Desktop/c-compiler/software-engineering-project/build/tests/test_lexer_basic" "--gtest_filter=LexerBasicTest.NoWhitespaceBetweenDelimiters" "--gtest_also_run_disabled_tests"
Directory: /Users/mac/Desktop/c-compiler/software-engineering-project/build/tests
"LexerBasicTest.NoWhitespaceBetweenDelimiters" start time: Dec 08 17:24 CST
Output:
----------------------------------------------------------
Running main() from /Users/mac/Desktop/c-compiler/software-engineering-project/build/_deps/googletest-src/googletest/src/gtest_main.cc
Note: Google Test filter = LexerBasicTest.NoWhitespaceBetweenDelimiters
[==========] Running 1 test from 1 test suite.
[----------] Global test environment set-up.
[----------] 1 test from LexerBasicTest
[ RUN      ] LexerBasicTest.NoWhitespaceBetweenDelimiters
[       OK ] LexerBasicTest.NoWhitespaceBetweenDelimiters (0 ms)
[----------] 1 test from LexerBasicTest (0 ms total)

[----------] Global test environment tear-down
[==========] 1 test from 1 test suite ran. (0 ms total)
[  PASSED  ] 1 test.
<end of output>
Test time =   0.01 sec
----------------------------------------------------------
Test Passed.
"LexerBasicTest.NoWhitespaceBetweenDelimiters" end time: Dec 08 17:24 CST
"LexerBasicTest.NoWhitespaceBetweenDelimiters" time elapsed: 00:00:00
----------------------------------------------------------

8/468 Testing: LexerBasicTest.LineNumberTracking
8/468 Test: LexerBasicTest.LineNumberTracking
Command: "/Users/mac/Desktop/c-compiler/software-engineering-project/build/tests/test_lexer_basic" "--gtest_filter=LexerBasicTest.LineNumberTracking" "--gtest_also_run_disabled_tests"
Directory: /Users/mac/Desktop/c-compiler/software-engineering-project/build/tests
"LexerBasicTest.LineNumberTracking" start time: Dec 08 17:24 CST
Output:
----------------------------------------------------------
Running main() from /Users/mac/Desktop/c-compiler/software-engineering-project/build/_deps/googletest-src/googletest/src/gtest_main.cc
Note: Google Test filter = LexerBasicTest.LineNumberTracking
[==========] Running 1 test from 1 test suite.
[----------] Global test environment set-up.
[----------] 1 test from LexerBasicTest
[ RUN      ] LexerBasicTest.LineNumberTracking
[       OK ] LexerBasicTest.LineNumberTracking (0 ms)
[----------] 1 test from LexerBasicTest (0 ms total)

[----------] Global test environment tear-down
[==========] 1 test from 1 test suite ran. (0 ms total)
[  PASSED  ] 1 test.
<end of output>
Test time =   0.01 sec
----------------------------------------------------------
Test Passed.
"LexerBasicTest.LineNumberTracking" end time: Dec 08 17:24 CST
"LexerBasicTest.LineNumberTracking" time elapsed: 00:00:00
----------------------------------------------------------

9/468 Testing: LexerBasicTest.ColumnNumberTracking
9/468 Test: LexerBasicTest.ColumnNumberTracking
Command: "/Users/mac/Desktop/c-compiler/software-engineering-project/build/tests/test_lexer_basic" "--gtest_filter=LexerBasicTest.ColumnNumberTracking" "--gtest_also_run_disabled_tests"
Directory: /Users/mac/Desktop/c-compiler/software-engineering-project/build/tests
"LexerBasicTest.ColumnNumberTracking" start time: Dec 08 17:24 CST
Output:
----------------------------------------------------------
Running main() from /Users/mac/Desktop/c-compiler/software-engineering-project/build/_deps/googletest-src/googletest/src/gtest_main.cc
Note: Google Test filter = LexerBasicTest.ColumnNumberTracking
[==========] Running 1 test from 1 test suite.
[----------] Global test environment set-up.
[----------] 1 test from LexerBasicTest
[ RUN      ] LexerBasicTest.ColumnNumberTracking
[       OK ] LexerBasicTest.ColumnNumberTracking (0 ms)
[----------] 1 test from LexerBasicTest (0 ms total)

[----------] Global test environment tear-down
[==========] 1 test from 1 test suite ran. (0 ms total)
[  PASSED  ] 1 test.
<end of output>
Test time =   0.01 sec
----------------------------------------------------------
Test Passed.
"LexerBasicTest.ColumnNumberTracking" end time: Dec 08 17:24 CST
"LexerBasicTest.ColumnNumberTracking" time elapsed: 00:00:00
----------------------------------------------------------

10/468 Testing: LexerBasicTest.FilenameTracking
10/468 Test: LexerBasicTest.FilenameTracking
Command: "/Users/mac/Desktop/c-compiler/software-engineering-project/build/tests/test_lexer_basic" "--gtest_filter=LexerBasicTest.FilenameTracking" "--gtest_also_run_disabled_tests"
Directory: /Users/mac/Desktop/c-compiler/software-engineering-project/build/tests
"LexerBasicTest.FilenameTracking" start time: Dec 08 17:24 CST
Output:
----------------------------------------------------------
Running main() from /Users/mac/Desktop/c-compiler/software-engineering-project/build/_deps/googletest-src/googletest/src/gtest_main.cc
Note: Google Test filter = LexerBasicTest.FilenameTracking
[==========] Running 1 test from 1 test suite.
[----------] Global test environment set-up.
[----------] 1 test from LexerBasicTest
[ RUN      ] LexerBasicTest.FilenameTracking
[       OK ] LexerBasicTest.FilenameTracking (0 ms)
[----------] 1 test from LexerBasicTest (0 ms total)

[----------] Global test environment tear-down
[==========] 1 test from 1 test suite ran. (0 ms total)
[  PASSED  ] 1 test.
<end of output>
Test time =   0.01 sec
----------------------------------------------------------
Test Passed.
"LexerBasicTest.FilenameTracking" end time: Dec 08 17:24 CST
"LexerBasicTest.FilenameTracking" time elapsed: 00:00:00
----------------------------------------------------------

11/468 Testing: LexerBasicTest.SourceEndsWithComment
11/468 Test: LexerBasicTest.SourceEndsWithComment
Command: "/Users/mac/Desktop/c-compiler/software-engineering-project/build/tests/test_lexer_basic" "--gtest_filter=LexerBasicTest.SourceEndsWithComment" "--gtest_also_run_disabled_tests"
Directory: /Users/mac/Desktop/c-compiler/software-engineering-project/build/tests
"LexerBasicTest.SourceEndsWithComment" start time: Dec 08 17:24 CST
Output:
----------------------------------------------------------
Running main() from /Users/mac/Desktop/c-compiler/software-engineering-project/build/_deps/googletest-src/googletest/src/gtest_main.cc
Note: Google Test filter = LexerBasicTest.SourceEndsWithComment
[==========] Running 1 test from 1 test suite.
[----------] Global test environment set-up.
[----------] 1 test from LexerBasicTest
[ RUN      ] LexerBasicTest.SourceEndsWithComment
[       OK ] LexerBasicTest.SourceEndsWithComment (0 ms)
[----------] 1 test from LexerBasicTest (0 ms total)

[----------] Global test environment tear-down
[==========] 1 test from 1 test suite ran. (0 ms total)
[  PASSED  ] 1 test.
<end of output>
Test time =   0.01 sec
----------------------------------------------------------
Test Passed.
"LexerBasicTest.SourceEndsWithComment" end time: Dec 08 17:24 CST
"LexerBasicTest.SourceEndsWithComment" time elapsed: 00:00:00
----------------------------------------------------------

12/468 Testing: LexerBasicTest.MultipleConsecutiveNewlines
12/468 Test: LexerBasicTest.MultipleConsecutiveNewlines
Command: "/Users/mac/Desktop/c-compiler/software-engineering-project/build/tests/test_lexer_basic" "--gtest_filter=LexerBasicTest.MultipleConsecutiveNewlines" "--gtest_also_run_disabled_tests"
Directory: /Users/mac/Desktop/c-compiler/software-engineering-project/build/tests
"LexerBasicTest.MultipleConsecutiveNewlines" start time: Dec 08 17:24 CST
Output:
----------------------------------------------------------
Running main() from /Users/mac/Desktop/c-compiler/software-engineering-project/build/_deps/googletest-src/googletest/src/gtest_main.cc
Note: Google Test filter = LexerBasicTest.MultipleConsecutiveNewlines
[==========] Running 1 test from 1 test suite.
[----------] Global test environment set-up.
[----------] 1 test from LexerBasicTest
[ RUN      ] LexerBasicTest.MultipleConsecutiveNewlines
[       OK ] LexerBasicTest.MultipleConsecutiveNewlines (0 ms)
[----------] 1 test from LexerBasicTest (0 ms total)

[----------] Global test environment tear-down
[==========] 1 test from 1 test suite ran. (0 ms total)
[  PASSED  ] 1 test.
<end of output>
Test time =   0.01 sec
----------------------------------------------------------
Test Passed.
"LexerBasicTest.MultipleConsecutiveNewlines" end time: Dec 08 17:24 CST
"LexerBasicTest.MultipleConsecutiveNewlines" time elapsed: 00:00:00
----------------------------------------------------------

13/468 Testing: LexerBasicTest.MinimalValidProgram
13/468 Test: LexerBasicTest.MinimalValidProgram
Command: "/Users/mac/Desktop/c-compiler/software-engineering-project/build/tests/test_lexer_basic" "--gtest_filter=LexerBasicTest.MinimalValidProgram" "--gtest_also_run_disabled_tests"
Directory: /Users/mac/Desktop/c-compiler/software-engineering-project/build/tests
"LexerBasicTest.MinimalValidProgram" start time: Dec 08 17:24 CST
Output:
----------------------------------------------------------
Running main() from /Users/mac/Desktop/c-compiler/software-engineering-project/build/_deps/googletest-src/googletest/src/gtest_main.cc
Note: Google Test filter = LexerBasicTest.MinimalValidProgram
[==========] Running 1 test from 1 test suite.
[----------] Global test environment set-up.
[----------] 1 test from LexerBasicTest
[ RUN      ] LexerBasicTest.MinimalValidProgram
[       OK ] LexerBasicTest.MinimalValidProgram (0 ms)
[----------] 1 test from LexerBasicTest (0 ms total)

[----------] Global test environment tear-down
[==========] 1 test from 1 test suite ran. (0 ms total)
[  PASSED  ] 1 test.
<end of output>
Test time =   0.01 sec
----------------------------------------------------------
Test Passed.
"LexerBasicTest.MinimalValidProgram" end time: Dec 08 17:24 CST
"LexerBasicTest.MinimalValidProgram" time elapsed: 00:00:00
----------------------------------------------------------

14/468 Testing: LexerKeywordTest.RecognizesAuto
14/468 Test: LexerKeywordTest.RecognizesAuto
Command: "/Users/mac/Desktop/c-compiler/software-engineering-project/build/tests/test_lexer_keywords" "--gtest_filter=LexerKeywordTest.RecognizesAuto" "--gtest_also_run_disabled_tests"
Directory: /Users/mac/Desktop/c-compiler/software-engineering-project/build/tests
"LexerKeywordTest.RecognizesAuto" start time: Dec 08 17:24 CST
Output:
----------------------------------------------------------
Running main() from /Users/mac/Desktop/c-compiler/software-engineering-project/build/_deps/googletest-src/googletest/src/gtest_main.cc
Note: Google Test filter = LexerKeywordTest.RecognizesAuto
[==========] Running 1 test from 1 test suite.
[----------] Global test environment set-up.
[----------] 1 test from LexerKeywordTest
[ RUN      ] LexerKeywordTest.RecognizesAuto
[       OK ] LexerKeywordTest.RecognizesAuto (0 ms)
[----------] 1 test from LexerKeywordTest (0 ms total)

[----------] Global test environment tear-down
[==========] 1 test from 1 test suite ran. (0 ms total)
[  PASSED  ] 1 test.
<end of output>
Test time =   0.01 sec
----------------------------------------------------------
Test Passed.
"LexerKeywordTest.RecognizesAuto" end time: Dec 08 17:24 CST
"LexerKeywordTest.RecognizesAuto" time elapsed: 00:00:00
----------------------------------------------------------

15/468 Testing: LexerKeywordTest.RecognizesBreak
15/468 Test: LexerKeywordTest.RecognizesBreak
Command: "/Users/mac/Desktop/c-compiler/software-engineering-project/build/tests/test_lexer_keywords" "--gtest_filter=LexerKeywordTest.RecognizesBreak" "--gtest_also_run_disabled_tests"
Directory: /Users/mac/Desktop/c-compiler/software-engineering-project/build/tests
"LexerKeywordTest.RecognizesBreak" start time: Dec 08 17:24 CST
Output:
----------------------------------------------------------
Running main() from /Users/mac/Desktop/c-compiler/software-engineering-project/build/_deps/googletest-src/googletest/src/gtest_main.cc
Note: Google Test filter = LexerKeywordTest.RecognizesBreak
[==========] Running 1 test from 1 test suite.
[----------] Global test environment set-up.
[----------] 1 test from LexerKeywordTest
[ RUN      ] LexerKeywordTest.RecognizesBreak
[       OK ] LexerKeywordTest.RecognizesBreak (0 ms)
[----------] 1 test from LexerKeywordTest (0 ms total)

[----------] Global test environment tear-down
[==========] 1 test from 1 test suite ran. (0 ms total)
[  PASSED  ] 1 test.
<end of output>
Test time =   0.01 sec
----------------------------------------------------------
Test Passed.
"LexerKeywordTest.RecognizesBreak" end time: Dec 08 17:24 CST
"LexerKeywordTest.RecognizesBreak" time elapsed: 00:00:00
----------------------------------------------------------

16/468 Testing: LexerKeywordTest.RecognizesCase
16/468 Test: LexerKeywordTest.RecognizesCase
Command: "/Users/mac/Desktop/c-compiler/software-engineering-project/build/tests/test_lexer_keywords" "--gtest_filter=LexerKeywordTest.RecognizesCase" "--gtest_also_run_disabled_tests"
Directory: /Users/mac/Desktop/c-compiler/software-engineering-project/build/tests
"LexerKeywordTest.RecognizesCase" start time: Dec 08 17:24 CST
Output:
----------------------------------------------------------
Running main() from /Users/mac/Desktop/c-compiler/software-engineering-project/build/_deps/googletest-src/googletest/src/gtest_main.cc
Note: Google Test filter = LexerKeywordTest.RecognizesCase
[==========] Running 1 test from 1 test suite.
[----------] Global test environment set-up.
[----------] 1 test from LexerKeywordTest
[ RUN      ] LexerKeywordTest.RecognizesCase
[       OK ] LexerKeywordTest.RecognizesCase (0 ms)
[----------] 1 test from LexerKeywordTest (0 ms total)

[----------] Global test environment tear-down
[==========] 1 test from 1 test suite ran. (0 ms total)
[  PASSED  ] 1 test.
<end of output>
Test time =   0.01 sec
----------------------------------------------------------
Test Passed.
"LexerKeywordTest.RecognizesCase" end time: Dec 08 17:24 CST
"LexerKeywordTest.RecognizesCase" time elapsed: 00:00:00
----------------------------------------------------------

17/468 Testing: LexerKeywordTest.RecognizesChar
17/468 Test: LexerKeywordTest.RecognizesChar
Command: "/Users/mac/Desktop/c-compiler/software-engineering-project/build/tests/test_lexer_keywords" "--gtest_filter=LexerKeywordTest.RecognizesChar" "--gtest_also_run_disabled_tests"
Directory: /Users/mac/Desktop/c-compiler/software-engineering-project/build/tests
"LexerKeywordTest.RecognizesChar" start time: Dec 08 17:24 CST
Output:
----------------------------------------------------------
Running main() from /Users/mac/Desktop/c-compiler/software-engineering-project/build/_deps/googletest-src/googletest/src/gtest_main.cc
Note: Google Test filter = LexerKeywordTest.RecognizesChar
[==========] Running 1 test from 1 test suite.
[----------] Global test environment set-up.
[----------] 1 test from LexerKeywordTest
[ RUN      ] LexerKeywordTest.RecognizesChar
[       OK ] LexerKeywordTest.RecognizesChar (0 ms)
[----------] 1 test from LexerKeywordTest (0 ms total)

[----------] Global test environment tear-down
[==========] 1 test from 1 test suite ran. (0 ms total)
[  PASSED  ] 1 test.
<end of output>
Test time =   0.01 sec
----------------------------------------------------------
Test Passed.
"LexerKeywordTest.RecognizesChar" end time: Dec 08 17:24 CST
"LexerKeywordTest.RecognizesChar" time elapsed: 00:00:00
----------------------------------------------------------

18/468 Testing: LexerKeywordTest.RecognizesConst
18/468 Test: LexerKeywordTest.RecognizesConst
Command: "/Users/mac/Desktop/c-compiler/software-engineering-project/build/tests/test_lexer_keywords" "--gtest_filter=LexerKeywordTest.RecognizesConst" "--gtest_also_run_disabled_tests"
Directory: /Users/mac/Desktop/c-compiler/software-engineering-project/build/tests
"LexerKeywordTest.RecognizesConst" start time: Dec 08 17:24 CST
Output:
----------------------------------------------------------
Running main() from /Users/mac/Desktop/c-compiler/software-engineering-project/build/_deps/googletest-src/googletest/src/gtest_main.cc
Note: Google Test filter = LexerKeywordTest.RecognizesConst
[==========] Running 1 test from 1 test suite.
[----------] Global test environment set-up.
[----------] 1 test from LexerKeywordTest
[ RUN      ] LexerKeywordTest.RecognizesConst
[       OK ] LexerKeywordTest.RecognizesConst (0 ms)
[----------] 1 test from LexerKeywordTest (0 ms total)

[----------] Global test environment tear-down
[==========] 1 test from 1 test suite ran. (0 ms total)
[  PASSED  ] 1 test.
<end of output>
Test time =   0.01 sec
----------------------------------------------------------
Test Passed.
"LexerKeywordTest.RecognizesConst" end time: Dec 08 17:24 CST
"LexerKeywordTest.RecognizesConst" time elapsed: 00:00:00
----------------------------------------------------------

19/468 Testing: LexerKeywordTest.RecognizesContinue
19/468 Test: LexerKeywordTest.RecognizesContinue
Command: "/Users/mac/Desktop/c-compiler/software-engineering-project/build/tests/test_lexer_keywords" "--gtest_filter=LexerKeywordTest.RecognizesContinue" "--gtest_also_run_disabled_tests"
Directory: /Users/mac/Desktop/c-compiler/software-engineering-project/build/tests
"LexerKeywordTest.RecognizesContinue" start time: Dec 08 17:24 CST
Output:
----------------------------------------------------------
Running main() from /Users/mac/Desktop/c-compiler/software-engineering-project/build/_deps/googletest-src/googletest/src/gtest_main.cc
Note: Google Test filter = LexerKeywordTest.RecognizesContinue
[==========] Running 1 test from 1 test suite.
[----------] Global test environment set-up.
[----------] 1 test from LexerKeywordTest
[ RUN      ] LexerKeywordTest.RecognizesContinue
[       OK ] LexerKeywordTest.RecognizesContinue (0 ms)
[----------] 1 test from LexerKeywordTest (0 ms total)

[----------] Global test environment tear-down
[==========] 1 test from 1 test suite ran. (0 ms total)
[  PASSED  ] 1 test.
<end of output>
Test time =   0.01 sec
----------------------------------------------------------
Test Passed.
"LexerKeywordTest.RecognizesContinue" end time: Dec 08 17:24 CST
"LexerKeywordTest.RecognizesContinue" time elapsed: 00:00:00
----------------------------------------------------------

20/468 Testing: LexerKeywordTest.RecognizesDefault
20/468 Test: LexerKeywordTest.RecognizesDefault
Command: "/Users/mac/Desktop/c-compiler/software-engineering-project/build/tests/test_lexer_keywords" "--gtest_filter=LexerKeywordTest.RecognizesDefault" "--gtest_also_run_disabled_tests"
Directory: /Users/mac/Desktop/c-compiler/software-engineering-project/build/tests
"LexerKeywordTest.RecognizesDefault" start time: Dec 08 17:24 CST
Output:
----------------------------------------------------------
Running main() from /Users/mac/Desktop/c-compiler/software-engineering-project/build/_deps/googletest-src/googletest/src/gtest_main.cc
Note: Google Test filter = LexerKeywordTest.RecognizesDefault
[==========] Running 1 test from 1 test suite.
[----------] Global test environment set-up.
[----------] 1 test from LexerKeywordTest
[ RUN      ] LexerKeywordTest.RecognizesDefault
[       OK ] LexerKeywordTest.RecognizesDefault (0 ms)
[----------] 1 test from LexerKeywordTest (0 ms total)

[----------] Global test environment tear-down
[==========] 1 test from 1 test suite ran. (0 ms total)
[  PASSED  ] 1 test.
<end of output>
Test time =   0.01 sec
----------------------------------------------------------
Test Passed.
"LexerKeywordTest.RecognizesDefault" end time: Dec 08 17:24 CST
"LexerKeywordTest.RecognizesDefault" time elapsed: 00:00:00
----------------------------------------------------------

21/468 Testing: LexerKeywordTest.RecognizesDo
21/468 Test: LexerKeywordTest.RecognizesDo
Command: "/Users/mac/Desktop/c-compiler/software-engineering-project/build/tests/test_lexer_keywords" "--gtest_filter=LexerKeywordTest.RecognizesDo" "--gtest_also_run_disabled_tests"
Directory: /Users/mac/Desktop/c-compiler/software-engineering-project/build/tests
"LexerKeywordTest.RecognizesDo" start time: Dec 08 17:24 CST
Output:
----------------------------------------------------------
Running main() from /Users/mac/Desktop/c-compiler/software-engineering-project/build/_deps/googletest-src/googletest/src/gtest_main.cc
Note: Google Test filter = LexerKeywordTest.RecognizesDo
[==========] Running 1 test from 1 test suite.
[----------] Global test environment set-up.
[----------] 1 test from LexerKeywordTest
[ RUN      ] LexerKeywordTest.RecognizesDo
[       OK ] LexerKeywordTest.RecognizesDo (0 ms)
[----------] 1 test from LexerKeywordTest (0 ms total)

[----------] Global test environment tear-down
[==========] 1 test from 1 test suite ran. (0 ms total)
[  PASSED  ] 1 test.
<end of output>
Test time =   0.01 sec
----------------------------------------------------------
Test Passed.
"LexerKeywordTest.RecognizesDo" end time: Dec 08 17:24 CST
"LexerKeywordTest.RecognizesDo" time elapsed: 00:00:00
----------------------------------------------------------

22/468 Testing: LexerKeywordTest.RecognizesDouble
22/468 Test: LexerKeywordTest.RecognizesDouble
Command: "/Users/mac/Desktop/c-compiler/software-engineering-project/build/tests/test_lexer_keywords" "--gtest_filter=LexerKeywordTest.RecognizesDouble" "--gtest_also_run_disabled_tests"
Directory: /Users/mac/Desktop/c-compiler/software-engineering-project/build/tests
"LexerKeywordTest.RecognizesDouble" start time: Dec 08 17:24 CST
Output:
----------------------------------------------------------
Running main() from /Users/mac/Desktop/c-compiler/software-engineering-project/build/_deps/googletest-src/googletest/src/gtest_main.cc
Note: Google Test filter = LexerKeywordTest.RecognizesDouble
[==========] Running 1 test from 1 test suite.
[----------] Global test environment set-up.
[----------] 1 test from LexerKeywordTest
[ RUN      ] LexerKeywordTest.RecognizesDouble
[       OK ] LexerKeywordTest.RecognizesDouble (0 ms)
[----------] 1 test from LexerKeywordTest (0 ms total)

[----------] Global test environment tear-down
[==========] 1 test from 1 test suite ran. (0 ms total)
[  PASSED  ] 1 test.
<end of output>
Test time =   0.01 sec
----------------------------------------------------------
Test Passed.
"LexerKeywordTest.RecognizesDouble" end time: Dec 08 17:24 CST
"LexerKeywordTest.RecognizesDouble" time elapsed: 00:00:00
----------------------------------------------------------

23/468 Testing: LexerKeywordTest.RecognizesElse
23/468 Test: LexerKeywordTest.RecognizesElse
Command: "/Users/mac/Desktop/c-compiler/software-engineering-project/build/tests/test_lexer_keywords" "--gtest_filter=LexerKeywordTest.RecognizesElse" "--gtest_also_run_disabled_tests"
Directory: /Users/mac/Desktop/c-compiler/software-engineering-project/build/tests
"LexerKeywordTest.RecognizesElse" start time: Dec 08 17:24 CST
Output:
----------------------------------------------------------
Running main() from /Users/mac/Desktop/c-compiler/software-engineering-project/build/_deps/googletest-src/googletest/src/gtest_main.cc
Note: Google Test filter = LexerKeywordTest.RecognizesElse
[==========] Running 1 test from 1 test suite.
[----------] Global test environment set-up.
[----------] 1 test from LexerKeywordTest
[ RUN      ] LexerKeywordTest.RecognizesElse
[       OK ] LexerKeywordTest.RecognizesElse (0 ms)
[----------] 1 test from LexerKeywordTest (0 ms total)

[----------] Global test environment tear-down
[==========] 1 test from 1 test suite ran. (0 ms total)
[  PASSED  ] 1 test.
<end of output>
Test time =   0.01 sec
----------------------------------------------------------
Test Passed.
"LexerKeywordTest.RecognizesElse" end time: Dec 08 17:24 CST
"LexerKeywordTest.RecognizesElse" time elapsed: 00:00:00
----------------------------------------------------------

24/468 Testing: LexerKeywordTest.RecognizesEnum
24/468 Test: LexerKeywordTest.RecognizesEnum
Command: "/Users/mac/Desktop/c-compiler/software-engineering-project/build/tests/test_lexer_keywords" "--gtest_filter=LexerKeywordTest.RecognizesEnum" "--gtest_also_run_disabled_tests"
Directory: /Users/mac/Desktop/c-compiler/software-engineering-project/build/tests
"LexerKeywordTest.RecognizesEnum" start time: Dec 08 17:24 CST
Output:
----------------------------------------------------------
Running main() from /Users/mac/Desktop/c-compiler/software-engineering-project/build/_deps/googletest-src/googletest/src/gtest_main.cc
Note: Google Test filter = LexerKeywordTest.RecognizesEnum
[==========] Running 1 test from 1 test suite.
[----------] Global test environment set-up.
[----------] 1 test from LexerKeywordTest
[ RUN      ] LexerKeywordTest.RecognizesEnum
[       OK ] LexerKeywordTest.RecognizesEnum (0 ms)
[----------] 1 test from LexerKeywordTest (0 ms total)

[----------] Global test environment tear-down
[==========] 1 test from 1 test suite ran. (0 ms total)
[  PASSED  ] 1 test.
<end of output>
Test time =   0.01 sec
----------------------------------------------------------
Test Passed.
"LexerKeywordTest.RecognizesEnum" end time: Dec 08 17:24 CST
"LexerKeywordTest.RecognizesEnum" time elapsed: 00:00:00
----------------------------------------------------------

25/468 Testing: LexerKeywordTest.RecognizesExtern
25/468 Test: LexerKeywordTest.RecognizesExtern
Command: "/Users/mac/Desktop/c-compiler/software-engineering-project/build/tests/test_lexer_keywords" "--gtest_filter=LexerKeywordTest.RecognizesExtern" "--gtest_also_run_disabled_tests"
Directory: /Users/mac/Desktop/c-compiler/software-engineering-project/build/tests
"LexerKeywordTest.RecognizesExtern" start time: Dec 08 17:24 CST
Output:
----------------------------------------------------------
Running main() from /Users/mac/Desktop/c-compiler/software-engineering-project/build/_deps/googletest-src/googletest/src/gtest_main.cc
Note: Google Test filter = LexerKeywordTest.RecognizesExtern
[==========] Running 1 test from 1 test suite.
[----------] Global test environment set-up.
[----------] 1 test from LexerKeywordTest
[ RUN      ] LexerKeywordTest.RecognizesExtern
[       OK ] LexerKeywordTest.RecognizesExtern (0 ms)
[----------] 1 test from LexerKeywordTest (0 ms total)

[----------] Global test environment tear-down
[==========] 1 test from 1 test suite ran. (0 ms total)
[  PASSED  ] 1 test.
<end of output>
Test time =   0.01 sec
----------------------------------------------------------
Test Passed.
"LexerKeywordTest.RecognizesExtern" end time: Dec 08 17:24 CST
"LexerKeywordTest.RecognizesExtern" time elapsed: 00:00:00
----------------------------------------------------------

26/468 Testing: LexerKeywordTest.RecognizesFloat
26/468 Test: LexerKeywordTest.RecognizesFloat
Command: "/Users/mac/Desktop/c-compiler/software-engineering-project/build/tests/test_lexer_keywords" "--gtest_filter=LexerKeywordTest.RecognizesFloat" "--gtest_also_run_disabled_tests"
Directory: /Users/mac/Desktop/c-compiler/software-engineering-project/build/tests
"LexerKeywordTest.RecognizesFloat" start time: Dec 08 17:24 CST
Output:
----------------------------------------------------------
Running main() from /Users/mac/Desktop/c-compiler/software-engineering-project/build/_deps/googletest-src/googletest/src/gtest_main.cc
Note: Google Test filter = LexerKeywordTest.RecognizesFloat
[==========] Running 1 test from 1 test suite.
[----------] Global test environment set-up.
[----------] 1 test from LexerKeywordTest
[ RUN      ] LexerKeywordTest.RecognizesFloat
[       OK ] LexerKeywordTest.RecognizesFloat (0 ms)
[----------] 1 test from LexerKeywordTest (0 ms total)

[----------] Global test environment tear-down
[==========] 1 test from 1 test suite ran. (0 ms total)
[  PASSED  ] 1 test.
<end of output>
Test time =   0.01 sec
----------------------------------------------------------
Test Passed.
"LexerKeywordTest.RecognizesFloat" end time: Dec 08 17:24 CST
"LexerKeywordTest.RecognizesFloat" time elapsed: 00:00:00
----------------------------------------------------------

27/468 Testing: LexerKeywordTest.RecognizesFor
27/468 Test: LexerKeywordTest.RecognizesFor
Command: "/Users/mac/Desktop/c-compiler/software-engineering-project/build/tests/test_lexer_keywords" "--gtest_filter=LexerKeywordTest.RecognizesFor" "--gtest_also_run_disabled_tests"
Directory: /Users/mac/Desktop/c-compiler/software-engineering-project/build/tests
"LexerKeywordTest.RecognizesFor" start time: Dec 08 17:24 CST
Output:
----------------------------------------------------------
Running main() from /Users/mac/Desktop/c-compiler/software-engineering-project/build/_deps/googletest-src/googletest/src/gtest_main.cc
Note: Google Test filter = LexerKeywordTest.RecognizesFor
[==========] Running 1 test from 1 test suite.
[----------] Global test environment set-up.
[----------] 1 test from LexerKeywordTest
[ RUN      ] LexerKeywordTest.RecognizesFor
[       OK ] LexerKeywordTest.RecognizesFor (0 ms)
[----------] 1 test from LexerKeywordTest (0 ms total)

[----------] Global test environment tear-down
[==========] 1 test from 1 test suite ran. (0 ms total)
[  PASSED  ] 1 test.
<end of output>
Test time =   0.01 sec
----------------------------------------------------------
Test Passed.
"LexerKeywordTest.RecognizesFor" end time: Dec 08 17:24 CST
"LexerKeywordTest.RecognizesFor" time elapsed: 00:00:00
----------------------------------------------------------

28/468 Testing: LexerKeywordTest.RecognizesGoto
28/468 Test: LexerKeywordTest.RecognizesGoto
Command: "/Users/mac/Desktop/c-compiler/software-engineering-project/build/tests/test_lexer_keywords" "--gtest_filter=LexerKeywordTest.RecognizesGoto" "--gtest_also_run_disabled_tests"
Directory: /Users/mac/Desktop/c-compiler/software-engineering-project/build/tests
"LexerKeywordTest.RecognizesGoto" start time: Dec 08 17:24 CST
Output:
----------------------------------------------------------
Running main() from /Users/mac/Desktop/c-compiler/software-engineering-project/build/_deps/googletest-src/googletest/src/gtest_main.cc
Note: Google Test filter = LexerKeywordTest.RecognizesGoto
[==========] Running 1 test from 1 test suite.
[----------] Global test environment set-up.
[----------] 1 test from LexerKeywordTest
[ RUN      ] LexerKeywordTest.RecognizesGoto
[       OK ] LexerKeywordTest.RecognizesGoto (0 ms)
[----------] 1 test from LexerKeywordTest (0 ms total)

[----------] Global test environment tear-down
[==========] 1 test from 1 test suite ran. (0 ms total)
[  PASSED  ] 1 test.
<end of output>
Test time =   0.01 sec
----------------------------------------------------------
Test Passed.
"LexerKeywordTest.RecognizesGoto" end time: Dec 08 17:24 CST
"LexerKeywordTest.RecognizesGoto" time elapsed: 00:00:00
----------------------------------------------------------

29/468 Testing: LexerKeywordTest.RecognizesIf
29/468 Test: LexerKeywordTest.RecognizesIf
Command: "/Users/mac/Desktop/c-compiler/software-engineering-project/build/tests/test_lexer_keywords" "--gtest_filter=LexerKeywordTest.RecognizesIf" "--gtest_also_run_disabled_tests"
Directory: /Users/mac/Desktop/c-compiler/software-engineering-project/build/tests
"LexerKeywordTest.RecognizesIf" start time: Dec 08 17:24 CST
Output:
----------------------------------------------------------
Running main() from /Users/mac/Desktop/c-compiler/software-engineering-project/build/_deps/googletest-src/googletest/src/gtest_main.cc
Note: Google Test filter = LexerKeywordTest.RecognizesIf
[==========] Running 1 test from 1 test suite.
[----------] Global test environment set-up.
[----------] 1 test from LexerKeywordTest
[ RUN      ] LexerKeywordTest.RecognizesIf
[       OK ] LexerKeywordTest.RecognizesIf (0 ms)
[----------] 1 test from LexerKeywordTest (0 ms total)

[----------] Global test environment tear-down
[==========] 1 test from 1 test suite ran. (0 ms total)
[  PASSED  ] 1 test.
<end of output>
Test time =   0.01 sec
----------------------------------------------------------
Test Passed.
"LexerKeywordTest.RecognizesIf" end time: Dec 08 17:24 CST
"LexerKeywordTest.RecognizesIf" time elapsed: 00:00:00
----------------------------------------------------------

30/468 Testing: LexerKeywordTest.RecognizesInt
30/468 Test: LexerKeywordTest.RecognizesInt
Command: "/Users/mac/Desktop/c-compiler/software-engineering-project/build/tests/test_lexer_keywords" "--gtest_filter=LexerKeywordTest.RecognizesInt" "--gtest_also_run_disabled_tests"
Directory: /Users/mac/Desktop/c-compiler/software-engineering-project/build/tests
"LexerKeywordTest.RecognizesInt" start time: Dec 08 17:24 CST
Output:
----------------------------------------------------------
Running main() from /Users/mac/Desktop/c-compiler/software-engineering-project/build/_deps/googletest-src/googletest/src/gtest_main.cc
Note: Google Test filter = LexerKeywordTest.RecognizesInt
[==========] Running 1 test from 1 test suite.
[----------] Global test environment set-up.
[----------] 1 test from LexerKeywordTest
[ RUN      ] LexerKeywordTest.RecognizesInt
[       OK ] LexerKeywordTest.RecognizesInt (0 ms)
[----------] 1 test from LexerKeywordTest (0 ms total)

[----------] Global test environment tear-down
[==========] 1 test from 1 test suite ran. (0 ms total)
[  PASSED  ] 1 test.
<end of output>
Test time =   0.01 sec
----------------------------------------------------------
Test Passed.
"LexerKeywordTest.RecognizesInt" end time: Dec 08 17:24 CST
"LexerKeywordTest.RecognizesInt" time elapsed: 00:00:00
----------------------------------------------------------

31/468 Testing: LexerKeywordTest.RecognizesLong
31/468 Test: LexerKeywordTest.RecognizesLong
Command: "/Users/mac/Desktop/c-compiler/software-engineering-project/build/tests/test_lexer_keywords" "--gtest_filter=LexerKeywordTest.RecognizesLong" "--gtest_also_run_disabled_tests"
Directory: /Users/mac/Desktop/c-compiler/software-engineering-project/build/tests
"LexerKeywordTest.RecognizesLong" start time: Dec 08 17:24 CST
Output:
----------------------------------------------------------
Running main() from /Users/mac/Desktop/c-compiler/software-engineering-project/build/_deps/googletest-src/googletest/src/gtest_main.cc
Note: Google Test filter = LexerKeywordTest.RecognizesLong
[==========] Running 1 test from 1 test suite.
[----------] Global test environment set-up.
[----------] 1 test from LexerKeywordTest
[ RUN      ] LexerKeywordTest.RecognizesLong
[       OK ] LexerKeywordTest.RecognizesLong (0 ms)
[----------] 1 test from LexerKeywordTest (0 ms total)

[----------] Global test environment tear-down
[==========] 1 test from 1 test suite ran. (0 ms total)
[  PASSED  ] 1 test.
<end of output>
Test time =   0.01 sec
----------------------------------------------------------
Test Passed.
"LexerKeywordTest.RecognizesLong" end time: Dec 08 17:24 CST
"LexerKeywordTest.RecognizesLong" time elapsed: 00:00:00
----------------------------------------------------------

32/468 Testing: LexerKeywordTest.RecognizesRegister
32/468 Test: LexerKeywordTest.RecognizesRegister
Command: "/Users/mac/Desktop/c-compiler/software-engineering-project/build/tests/test_lexer_keywords" "--gtest_filter=LexerKeywordTest.RecognizesRegister" "--gtest_also_run_disabled_tests"
Directory: /Users/mac/Desktop/c-compiler/software-engineering-project/build/tests
"LexerKeywordTest.RecognizesRegister" start time: Dec 08 17:24 CST
Output:
----------------------------------------------------------
Running main() from /Users/mac/Desktop/c-compiler/software-engineering-project/build/_deps/googletest-src/googletest/src/gtest_main.cc
Note: Google Test filter = LexerKeywordTest.RecognizesRegister
[==========] Running 1 test from 1 test suite.
[----------] Global test environment set-up.
[----------] 1 test from LexerKeywordTest
[ RUN      ] LexerKeywordTest.RecognizesRegister
[       OK ] LexerKeywordTest.RecognizesRegister (0 ms)
[----------] 1 test from LexerKeywordTest (0 ms total)

[----------] Global test environment tear-down
[==========] 1 test from 1 test suite ran. (0 ms total)
[  PASSED  ] 1 test.
<end of output>
Test time =   0.01 sec
----------------------------------------------------------
Test Passed.
"LexerKeywordTest.RecognizesRegister" end time: Dec 08 17:24 CST
"LexerKeywordTest.RecognizesRegister" time elapsed: 00:00:00
----------------------------------------------------------

33/468 Testing: LexerKeywordTest.RecognizesReturn
33/468 Test: LexerKeywordTest.RecognizesReturn
Command: "/Users/mac/Desktop/c-compiler/software-engineering-project/build/tests/test_lexer_keywords" "--gtest_filter=LexerKeywordTest.RecognizesReturn" "--gtest_also_run_disabled_tests"
Directory: /Users/mac/Desktop/c-compiler/software-engineering-project/build/tests
"LexerKeywordTest.RecognizesReturn" start time: Dec 08 17:24 CST
Output:
----------------------------------------------------------
Running main() from /Users/mac/Desktop/c-compiler/software-engineering-project/build/_deps/googletest-src/googletest/src/gtest_main.cc
Note: Google Test filter = LexerKeywordTest.RecognizesReturn
[==========] Running 1 test from 1 test suite.
[----------] Global test environment set-up.
[----------] 1 test from LexerKeywordTest
[ RUN      ] LexerKeywordTest.RecognizesReturn
[       OK ] LexerKeywordTest.RecognizesReturn (0 ms)
[----------] 1 test from LexerKeywordTest (0 ms total)

[----------] Global test environment tear-down
[==========] 1 test from 1 test suite ran. (0 ms total)
[  PASSED  ] 1 test.
<end of output>
Test time =   0.01 sec
----------------------------------------------------------
Test Passed.
"LexerKeywordTest.RecognizesReturn" end time: Dec 08 17:24 CST
"LexerKeywordTest.RecognizesReturn" time elapsed: 00:00:00
----------------------------------------------------------

34/468 Testing: LexerKeywordTest.RecognizesShort
34/468 Test: LexerKeywordTest.RecognizesShort
Command: "/Users/mac/Desktop/c-compiler/software-engineering-project/build/tests/test_lexer_keywords" "--gtest_filter=LexerKeywordTest.RecognizesShort" "--gtest_also_run_disabled_tests"
Directory: /Users/mac/Desktop/c-compiler/software-engineering-project/build/tests
"LexerKeywordTest.RecognizesShort" start time: Dec 08 17:24 CST
Output:
----------------------------------------------------------
Running main() from /Users/mac/Desktop/c-compiler/software-engineering-project/build/_deps/googletest-src/googletest/src/gtest_main.cc
Note: Google Test filter = LexerKeywordTest.RecognizesShort
[==========] Running 1 test from 1 test suite.
[----------] Global test environment set-up.
[----------] 1 test from LexerKeywordTest
[ RUN      ] LexerKeywordTest.RecognizesShort
[       OK ] LexerKeywordTest.RecognizesShort (0 ms)
[----------] 1 test from LexerKeywordTest (0 ms total)

[----------] Global test environment tear-down
[==========] 1 test from 1 test suite ran. (0 ms total)
[  PASSED  ] 1 test.
<end of output>
Test time =   0.01 sec
----------------------------------------------------------
Test Passed.
"LexerKeywordTest.RecognizesShort" end time: Dec 08 17:24 CST
"LexerKeywordTest.RecognizesShort" time elapsed: 00:00:00
----------------------------------------------------------

35/468 Testing: LexerKeywordTest.RecognizesSigned
35/468 Test: LexerKeywordTest.RecognizesSigned
Command: "/Users/mac/Desktop/c-compiler/software-engineering-project/build/tests/test_lexer_keywords" "--gtest_filter=LexerKeywordTest.RecognizesSigned" "--gtest_also_run_disabled_tests"
Directory: /Users/mac/Desktop/c-compiler/software-engineering-project/build/tests
"LexerKeywordTest.RecognizesSigned" start time: Dec 08 17:24 CST
Output:
----------------------------------------------------------
Running main() from /Users/mac/Desktop/c-compiler/software-engineering-project/build/_deps/googletest-src/googletest/src/gtest_main.cc
Note: Google Test filter = LexerKeywordTest.RecognizesSigned
[==========] Running 1 test from 1 test suite.
[----------] Global test environment set-up.
[----------] 1 test from LexerKeywordTest
[ RUN      ] LexerKeywordTest.RecognizesSigned
[       OK ] LexerKeywordTest.RecognizesSigned (0 ms)
[----------] 1 test from LexerKeywordTest (0 ms total)

[----------] Global test environment tear-down
[==========] 1 test from 1 test suite ran. (0 ms total)
[  PASSED  ] 1 test.
<end of output>
Test time =   0.01 sec
----------------------------------------------------------
Test Passed.
"LexerKeywordTest.RecognizesSigned" end time: Dec 08 17:24 CST
"LexerKeywordTest.RecognizesSigned" time elapsed: 00:00:00
----------------------------------------------------------

36/468 Testing: LexerKeywordTest.RecognizesSizeof
36/468 Test: LexerKeywordTest.RecognizesSizeof
Command: "/Users/mac/Desktop/c-compiler/software-engineering-project/build/tests/test_lexer_keywords" "--gtest_filter=LexerKeywordTest.RecognizesSizeof" "--gtest_also_run_disabled_tests"
Directory: /Users/mac/Desktop/c-compiler/software-engineering-project/build/tests
"LexerKeywordTest.RecognizesSizeof" start time: Dec 08 17:24 CST
Output:
----------------------------------------------------------
Running main() from /Users/mac/Desktop/c-compiler/software-engineering-project/build/_deps/googletest-src/googletest/src/gtest_main.cc
Note: Google Test filter = LexerKeywordTest.RecognizesSizeof
[==========] Running 1 test from 1 test suite.
[----------] Global test environment set-up.
[----------] 1 test from LexerKeywordTest
[ RUN      ] LexerKeywordTest.RecognizesSizeof
[       OK ] LexerKeywordTest.RecognizesSizeof (0 ms)
[----------] 1 test from LexerKeywordTest (0 ms total)

[----------] Global test environment tear-down
[==========] 1 test from 1 test suite ran. (0 ms total)
[  PASSED  ] 1 test.
<end of output>
Test time =   0.01 sec
----------------------------------------------------------
Test Passed.
"LexerKeywordTest.RecognizesSizeof" end time: Dec 08 17:24 CST
"LexerKeywordTest.RecognizesSizeof" time elapsed: 00:00:00
----------------------------------------------------------

37/468 Testing: LexerKeywordTest.RecognizesStatic
37/468 Test: LexerKeywordTest.RecognizesStatic
Command: "/Users/mac/Desktop/c-compiler/software-engineering-project/build/tests/test_lexer_keywords" "--gtest_filter=LexerKeywordTest.RecognizesStatic" "--gtest_also_run_disabled_tests"
Directory: /Users/mac/Desktop/c-compiler/software-engineering-project/build/tests
"LexerKeywordTest.RecognizesStatic" start time: Dec 08 17:24 CST
Output:
----------------------------------------------------------
Running main() from /Users/mac/Desktop/c-compiler/software-engineering-project/build/_deps/googletest-src/googletest/src/gtest_main.cc
Note: Google Test filter = LexerKeywordTest.RecognizesStatic
[==========] Running 1 test from 1 test suite.
[----------] Global test environment set-up.
[----------] 1 test from LexerKeywordTest
[ RUN      ] LexerKeywordTest.RecognizesStatic
[       OK ] LexerKeywordTest.RecognizesStatic (0 ms)
[----------] 1 test from LexerKeywordTest (0 ms total)

[----------] Global test environment tear-down
[==========] 1 test from 1 test suite ran. (0 ms total)
[  PASSED  ] 1 test.
<end of output>
Test time =   0.01 sec
----------------------------------------------------------
Test Passed.
"LexerKeywordTest.RecognizesStatic" end time: Dec 08 17:24 CST
"LexerKeywordTest.RecognizesStatic" time elapsed: 00:00:00
----------------------------------------------------------

38/468 Testing: LexerKeywordTest.RecognizesStruct
38/468 Test: LexerKeywordTest.RecognizesStruct
Command: "/Users/mac/Desktop/c-compiler/software-engineering-project/build/tests/test_lexer_keywords" "--gtest_filter=LexerKeywordTest.RecognizesStruct" "--gtest_also_run_disabled_tests"
Directory: /Users/mac/Desktop/c-compiler/software-engineering-project/build/tests
"LexerKeywordTest.RecognizesStruct" start time: Dec 08 17:24 CST
Output:
----------------------------------------------------------
Running main() from /Users/mac/Desktop/c-compiler/software-engineering-project/build/_deps/googletest-src/googletest/src/gtest_main.cc
Note: Google Test filter = LexerKeywordTest.RecognizesStruct
[==========] Running 1 test from 1 test suite.
[----------] Global test environment set-up.
[----------] 1 test from LexerKeywordTest
[ RUN      ] LexerKeywordTest.RecognizesStruct
[       OK ] LexerKeywordTest.RecognizesStruct (0 ms)
[----------] 1 test from LexerKeywordTest (0 ms total)

[----------] Global test environment tear-down
[==========] 1 test from 1 test suite ran. (0 ms total)
[  PASSED  ] 1 test.
<end of output>
Test time =   0.01 sec
----------------------------------------------------------
Test Passed.
"LexerKeywordTest.RecognizesStruct" end time: Dec 08 17:24 CST
"LexerKeywordTest.RecognizesStruct" time elapsed: 00:00:00
----------------------------------------------------------

39/468 Testing: LexerKeywordTest.RecognizesSwitch
39/468 Test: LexerKeywordTest.RecognizesSwitch
Command: "/Users/mac/Desktop/c-compiler/software-engineering-project/build/tests/test_lexer_keywords" "--gtest_filter=LexerKeywordTest.RecognizesSwitch" "--gtest_also_run_disabled_tests"
Directory: /Users/mac/Desktop/c-compiler/software-engineering-project/build/tests
"LexerKeywordTest.RecognizesSwitch" start time: Dec 08 17:24 CST
Output:
----------------------------------------------------------
Running main() from /Users/mac/Desktop/c-compiler/software-engineering-project/build/_deps/googletest-src/googletest/src/gtest_main.cc
Note: Google Test filter = LexerKeywordTest.RecognizesSwitch
[==========] Running 1 test from 1 test suite.
[----------] Global test environment set-up.
[----------] 1 test from LexerKeywordTest
[ RUN      ] LexerKeywordTest.RecognizesSwitch
[       OK ] LexerKeywordTest.RecognizesSwitch (0 ms)
[----------] 1 test from LexerKeywordTest (0 ms total)

[----------] Global test environment tear-down
[==========] 1 test from 1 test suite ran. (0 ms total)
[  PASSED  ] 1 test.
<end of output>
Test time =   0.01 sec
----------------------------------------------------------
Test Passed.
"LexerKeywordTest.RecognizesSwitch" end time: Dec 08 17:24 CST
"LexerKeywordTest.RecognizesSwitch" time elapsed: 00:00:00
----------------------------------------------------------

40/468 Testing: LexerKeywordTest.RecognizesTypedef
40/468 Test: LexerKeywordTest.RecognizesTypedef
Command: "/Users/mac/Desktop/c-compiler/software-engineering-project/build/tests/test_lexer_keywords" "--gtest_filter=LexerKeywordTest.RecognizesTypedef" "--gtest_also_run_disabled_tests"
Directory: /Users/mac/Desktop/c-compiler/software-engineering-project/build/tests
"LexerKeywordTest.RecognizesTypedef" start time: Dec 08 17:24 CST
Output:
----------------------------------------------------------
Running main() from /Users/mac/Desktop/c-compiler/software-engineering-project/build/_deps/googletest-src/googletest/src/gtest_main.cc
Note: Google Test filter = LexerKeywordTest.RecognizesTypedef
[==========] Running 1 test from 1 test suite.
[----------] Global test environment set-up.
[----------] 1 test from LexerKeywordTest
[ RUN      ] LexerKeywordTest.RecognizesTypedef
[       OK ] LexerKeywordTest.RecognizesTypedef (0 ms)
[----------] 1 test from LexerKeywordTest (0 ms total)

[----------] Global test environment tear-down
[==========] 1 test from 1 test suite ran. (0 ms total)
[  PASSED  ] 1 test.
<end of output>
Test time =   0.01 sec
----------------------------------------------------------
Test Passed.
"LexerKeywordTest.RecognizesTypedef" end time: Dec 08 17:24 CST
"LexerKeywordTest.RecognizesTypedef" time elapsed: 00:00:00
----------------------------------------------------------

41/468 Testing: LexerKeywordTest.RecognizesUnion
41/468 Test: LexerKeywordTest.RecognizesUnion
Command: "/Users/mac/Desktop/c-compiler/software-engineering-project/build/tests/test_lexer_keywords" "--gtest_filter=LexerKeywordTest.RecognizesUnion" "--gtest_also_run_disabled_tests"
Directory: /Users/mac/Desktop/c-compiler/software-engineering-project/build/tests
"LexerKeywordTest.RecognizesUnion" start time: Dec 08 17:24 CST
Output:
----------------------------------------------------------
Running main() from /Users/mac/Desktop/c-compiler/software-engineering-project/build/_deps/googletest-src/googletest/src/gtest_main.cc
Note: Google Test filter = LexerKeywordTest.RecognizesUnion
[==========] Running 1 test from 1 test suite.
[----------] Global test environment set-up.
[----------] 1 test from LexerKeywordTest
[ RUN      ] LexerKeywordTest.RecognizesUnion
[       OK ] LexerKeywordTest.RecognizesUnion (0 ms)
[----------] 1 test from LexerKeywordTest (0 ms total)

[----------] Global test environment tear-down
[==========] 1 test from 1 test suite ran. (0 ms total)
[  PASSED  ] 1 test.
<end of output>
Test time =   0.01 sec
----------------------------------------------------------
Test Passed.
"LexerKeywordTest.RecognizesUnion" end time: Dec 08 17:24 CST
"LexerKeywordTest.RecognizesUnion" time elapsed: 00:00:00
----------------------------------------------------------

42/468 Testing: LexerKeywordTest.RecognizesUnsigned
42/468 Test: LexerKeywordTest.RecognizesUnsigned
Command: "/Users/mac/Desktop/c-compiler/software-engineering-project/build/tests/test_lexer_keywords" "--gtest_filter=LexerKeywordTest.RecognizesUnsigned" "--gtest_also_run_disabled_tests"
Directory: /Users/mac/Desktop/c-compiler/software-engineering-project/build/tests
"LexerKeywordTest.RecognizesUnsigned" start time: Dec 08 17:24 CST
Output:
----------------------------------------------------------
Running main() from /Users/mac/Desktop/c-compiler/software-engineering-project/build/_deps/googletest-src/googletest/src/gtest_main.cc
Note: Google Test filter = LexerKeywordTest.RecognizesUnsigned
[==========] Running 1 test from 1 test suite.
[----------] Global test environment set-up.
[----------] 1 test from LexerKeywordTest
[ RUN      ] LexerKeywordTest.RecognizesUnsigned
[       OK ] LexerKeywordTest.RecognizesUnsigned (0 ms)
[----------] 1 test from LexerKeywordTest (0 ms total)

[----------] Global test environment tear-down
[==========] 1 test from 1 test suite ran. (0 ms total)
[  PASSED  ] 1 test.
<end of output>
Test time =   0.01 sec
----------------------------------------------------------
Test Passed.
"LexerKeywordTest.RecognizesUnsigned" end time: Dec 08 17:24 CST
"LexerKeywordTest.RecognizesUnsigned" time elapsed: 00:00:00
----------------------------------------------------------

43/468 Testing: LexerKeywordTest.RecognizesVoid
43/468 Test: LexerKeywordTest.RecognizesVoid
Command: "/Users/mac/Desktop/c-compiler/software-engineering-project/build/tests/test_lexer_keywords" "--gtest_filter=LexerKeywordTest.RecognizesVoid" "--gtest_also_run_disabled_tests"
Directory: /Users/mac/Desktop/c-compiler/software-engineering-project/build/tests
"LexerKeywordTest.RecognizesVoid" start time: Dec 08 17:24 CST
Output:
----------------------------------------------------------
Running main() from /Users/mac/Desktop/c-compiler/software-engineering-project/build/_deps/googletest-src/googletest/src/gtest_main.cc
Note: Google Test filter = LexerKeywordTest.RecognizesVoid
[==========] Running 1 test from 1 test suite.
[----------] Global test environment set-up.
[----------] 1 test from LexerKeywordTest
[ RUN      ] LexerKeywordTest.RecognizesVoid
[       OK ] LexerKeywordTest.RecognizesVoid (0 ms)
[----------] 1 test from LexerKeywordTest (0 ms total)

[----------] Global test environment tear-down
[==========] 1 test from 1 test suite ran. (0 ms total)
[  PASSED  ] 1 test.
<end of output>
Test time =   0.01 sec
----------------------------------------------------------
Test Passed.
"LexerKeywordTest.RecognizesVoid" end time: Dec 08 17:24 CST
"LexerKeywordTest.RecognizesVoid" time elapsed: 00:00:00
----------------------------------------------------------

44/468 Testing: LexerKeywordTest.RecognizesVolatile
44/468 Test: LexerKeywordTest.RecognizesVolatile
Command: "/Users/mac/Desktop/c-compiler/software-engineering-project/build/tests/test_lexer_keywords" "--gtest_filter=LexerKeywordTest.RecognizesVolatile" "--gtest_also_run_disabled_tests"
Directory: /Users/mac/Desktop/c-compiler/software-engineering-project/build/tests
"LexerKeywordTest.RecognizesVolatile" start time: Dec 08 17:24 CST
Output:
----------------------------------------------------------
Running main() from /Users/mac/Desktop/c-compiler/software-engineering-project/build/_deps/googletest-src/googletest/src/gtest_main.cc
Note: Google Test filter = LexerKeywordTest.RecognizesVolatile
[==========] Running 1 test from 1 test suite.
[----------] Global test environment set-up.
[----------] 1 test from LexerKeywordTest
[ RUN      ] LexerKeywordTest.RecognizesVolatile
[       OK ] LexerKeywordTest.RecognizesVolatile (0 ms)
[----------] 1 test from LexerKeywordTest (0 ms total)

[----------] Global test environment tear-down
[==========] 1 test from 1 test suite ran. (0 ms total)
[  PASSED  ] 1 test.
<end of output>
Test time =   0.01 sec
----------------------------------------------------------
Test Passed.
"LexerKeywordTest.RecognizesVolatile" end time: Dec 08 17:24 CST
"LexerKeywordTest.RecognizesVolatile" time elapsed: 00:00:00
----------------------------------------------------------

45/468 Testing: LexerKeywordTest.RecognizesWhile
45/468 Test: LexerKeywordTest.RecognizesWhile
Command: "/Users/mac/Desktop/c-compiler/software-engineering-project/build/tests/test_lexer_keywords" "--gtest_filter=LexerKeywordTest.RecognizesWhile" "--gtest_also_run_disabled_tests"
Directory: /Users/mac/Desktop/c-compiler/software-engineering-project/build/tests
"LexerKeywordTest.RecognizesWhile" start time: Dec 08 17:24 CST
Output:
----------------------------------------------------------
Running main() from /Users/mac/Desktop/c-compiler/software-engineering-project/build/_deps/googletest-src/googletest/src/gtest_main.cc
Note: Google Test filter = LexerKeywordTest.RecognizesWhile
[==========] Running 1 test from 1 test suite.
[----------] Global test environment set-up.
[----------] 1 test from LexerKeywordTest
[ RUN      ] LexerKeywordTest.RecognizesWhile
[       OK ] LexerKeywordTest.RecognizesWhile (0 ms)
[----------] 1 test from LexerKeywordTest (0 ms total)

[----------] Global test environment tear-down
[==========] 1 test from 1 test suite ran. (0 ms total)
[  PASSED  ] 1 test.
<end of output>
Test time =   0.01 sec
----------------------------------------------------------
Test Passed.
"LexerKeywordTest.RecognizesWhile" end time: Dec 08 17:24 CST
"LexerKeywordTest.RecognizesWhile" time elapsed: 00:00:00
----------------------------------------------------------

46/468 Testing: LexerKeywordTest.KeywordsAreCaseSensitive
46/468 Test: LexerKeywordTest.KeywordsAreCaseSensitive
Command: "/Users/mac/Desktop/c-compiler/software-engineering-project/build/tests/test_lexer_keywords" "--gtest_filter=LexerKeywordTest.KeywordsAreCaseSensitive" "--gtest_also_run_disabled_tests"
Directory: /Users/mac/Desktop/c-compiler/software-engineering-project/build/tests
"LexerKeywordTest.KeywordsAreCaseSensitive" start time: Dec 08 17:24 CST
Output:
----------------------------------------------------------
Running main() from /Users/mac/Desktop/c-compiler/software-engineering-project/build/_deps/googletest-src/googletest/src/gtest_main.cc
Note: Google Test filter = LexerKeywordTest.KeywordsAreCaseSensitive
[==========] Running 1 test from 1 test suite.
[----------] Global test environment set-up.
[----------] 1 test from LexerKeywordTest
[ RUN      ] LexerKeywordTest.KeywordsAreCaseSensitive
[       OK ] LexerKeywordTest.KeywordsAreCaseSensitive (0 ms)
[----------] 1 test from LexerKeywordTest (0 ms total)

[----------] Global test environment tear-down
[==========] 1 test from 1 test suite ran. (0 ms total)
[  PASSED  ] 1 test.
<end of output>
Test time =   0.01 sec
----------------------------------------------------------
Test Passed.
"LexerKeywordTest.KeywordsAreCaseSensitive" end time: Dec 08 17:24 CST
"LexerKeywordTest.KeywordsAreCaseSensitive" time elapsed: 00:00:00
----------------------------------------------------------

47/468 Testing: LexerKeywordTest.IdentifiersContainingKeywords
47/468 Test: LexerKeywordTest.IdentifiersContainingKeywords
Command: "/Users/mac/Desktop/c-compiler/software-engineering-project/build/tests/test_lexer_keywords" "--gtest_filter=LexerKeywordTest.IdentifiersContainingKeywords" "--gtest_also_run_disabled_tests"
Directory: /Users/mac/Desktop/c-compiler/software-engineering-project/build/tests
"LexerKeywordTest.IdentifiersContainingKeywords" start time: Dec 08 17:24 CST
Output:
----------------------------------------------------------
Running main() from /Users/mac/Desktop/c-compiler/software-engineering-project/build/_deps/googletest-src/googletest/src/gtest_main.cc
Note: Google Test filter = LexerKeywordTest.IdentifiersContainingKeywords
[==========] Running 1 test from 1 test suite.
[----------] Global test environment set-up.
[----------] 1 test from LexerKeywordTest
[ RUN      ] LexerKeywordTest.IdentifiersContainingKeywords
[       OK ] LexerKeywordTest.IdentifiersContainingKeywords (0 ms)
[----------] 1 test from LexerKeywordTest (0 ms total)

[----------] Global test environment tear-down
[==========] 1 test from 1 test suite ran. (0 ms total)
[  PASSED  ] 1 test.
<end of output>
Test time =   0.01 sec
----------------------------------------------------------
Test Passed.
"LexerKeywordTest.IdentifiersContainingKeywords" end time: Dec 08 17:24 CST
"LexerKeywordTest.IdentifiersContainingKeywords" time elapsed: 00:00:00
----------------------------------------------------------

48/468 Testing: LexerKeywordTest.KeywordsWithUnderscores
48/468 Test: LexerKeywordTest.KeywordsWithUnderscores
Command: "/Users/mac/Desktop/c-compiler/software-engineering-project/build/tests/test_lexer_keywords" "--gtest_filter=LexerKeywordTest.KeywordsWithUnderscores" "--gtest_also_run_disabled_tests"
Directory: /Users/mac/Desktop/c-compiler/software-engineering-project/build/tests
"LexerKeywordTest.KeywordsWithUnderscores" start time: Dec 08 17:24 CST
Output:
----------------------------------------------------------
Running main() from /Users/mac/Desktop/c-compiler/software-engineering-project/build/_deps/googletest-src/googletest/src/gtest_main.cc
Note: Google Test filter = LexerKeywordTest.KeywordsWithUnderscores
[==========] Running 1 test from 1 test suite.
[----------] Global test environment set-up.
[----------] 1 test from LexerKeywordTest
[ RUN      ] LexerKeywordTest.KeywordsWithUnderscores
[       OK ] LexerKeywordTest.KeywordsWithUnderscores (0 ms)
[----------] 1 test from LexerKeywordTest (0 ms total)

[----------] Global test environment tear-down
[==========] 1 test from 1 test suite ran. (0 ms total)
[  PASSED  ] 1 test.
<end of output>
Test time =   0.01 sec
----------------------------------------------------------
Test Passed.
"LexerKeywordTest.KeywordsWithUnderscores" end time: Dec 08 17:24 CST
"LexerKeywordTest.KeywordsWithUnderscores" time elapsed: 00:00:00
----------------------------------------------------------

49/468 Testing: LexerKeywordTest.MultipleKeywordsInSequence
49/468 Test: LexerKeywordTest.MultipleKeywordsInSequence
Command: "/Users/mac/Desktop/c-compiler/software-engineering-project/build/tests/test_lexer_keywords" "--gtest_filter=LexerKeywordTest.MultipleKeywordsInSequence" "--gtest_also_run_disabled_tests"
Directory: /Users/mac/Desktop/c-compiler/software-engineering-project/build/tests
"LexerKeywordTest.MultipleKeywordsInSequence" start time: Dec 08 17:24 CST
Output:
----------------------------------------------------------
Running main() from /Users/mac/Desktop/c-compiler/software-engineering-project/build/_deps/googletest-src/googletest/src/gtest_main.cc
Note: Google Test filter = LexerKeywordTest.MultipleKeywordsInSequence
[==========] Running 1 test from 1 test suite.
[----------] Global test environment set-up.
[----------] 1 test from LexerKeywordTest
[ RUN      ] LexerKeywordTest.MultipleKeywordsInSequence
[       OK ] LexerKeywordTest.MultipleKeywordsInSequence (0 ms)
[----------] 1 test from LexerKeywordTest (0 ms total)

[----------] Global test environment tear-down
[==========] 1 test from 1 test suite ran. (0 ms total)
[  PASSED  ] 1 test.
<end of output>
Test time =   0.01 sec
----------------------------------------------------------
Test Passed.
"LexerKeywordTest.MultipleKeywordsInSequence" end time: Dec 08 17:24 CST
"LexerKeywordTest.MultipleKeywordsInSequence" time elapsed: 00:00:00
----------------------------------------------------------

50/468 Testing: LexerKeywordTest.KeywordsInDeclaration
50/468 Test: LexerKeywordTest.KeywordsInDeclaration
Command: "/Users/mac/Desktop/c-compiler/software-engineering-project/build/tests/test_lexer_keywords" "--gtest_filter=LexerKeywordTest.KeywordsInDeclaration" "--gtest_also_run_disabled_tests"
Directory: /Users/mac/Desktop/c-compiler/software-engineering-project/build/tests
"LexerKeywordTest.KeywordsInDeclaration" start time: Dec 08 17:24 CST
Output:
----------------------------------------------------------
Running main() from /Users/mac/Desktop/c-compiler/software-engineering-project/build/_deps/googletest-src/googletest/src/gtest_main.cc
Note: Google Test filter = LexerKeywordTest.KeywordsInDeclaration
[==========] Running 1 test from 1 test suite.
[----------] Global test environment set-up.
[----------] 1 test from LexerKeywordTest
[ RUN      ] LexerKeywordTest.KeywordsInDeclaration
[       OK ] LexerKeywordTest.KeywordsInDeclaration (0 ms)
[----------] 1 test from LexerKeywordTest (0 ms total)

[----------] Global test environment tear-down
[==========] 1 test from 1 test suite ran. (0 ms total)
[  PASSED  ] 1 test.
<end of output>
Test time =   0.01 sec
----------------------------------------------------------
Test Passed.
"LexerKeywordTest.KeywordsInDeclaration" end time: Dec 08 17:24 CST
"LexerKeywordTest.KeywordsInDeclaration" time elapsed: 00:00:00
----------------------------------------------------------

51/468 Testing: LexerKeywordTest.KeywordsInControlFlow
51/468 Test: LexerKeywordTest.KeywordsInControlFlow
Command: "/Users/mac/Desktop/c-compiler/software-engineering-project/build/tests/test_lexer_keywords" "--gtest_filter=LexerKeywordTest.KeywordsInControlFlow" "--gtest_also_run_disabled_tests"
Directory: /Users/mac/Desktop/c-compiler/software-engineering-project/build/tests
"LexerKeywordTest.KeywordsInControlFlow" start time: Dec 08 17:24 CST
Output:
----------------------------------------------------------
Running main() from /Users/mac/Desktop/c-compiler/software-engineering-project/build/_deps/googletest-src/googletest/src/gtest_main.cc
Note: Google Test filter = LexerKeywordTest.KeywordsInControlFlow
[==========] Running 1 test from 1 test suite.
[----------] Global test environment set-up.
[----------] 1 test from LexerKeywordTest
[ RUN      ] LexerKeywordTest.KeywordsInControlFlow
[       OK ] LexerKeywordTest.KeywordsInControlFlow (0 ms)
[----------] 1 test from LexerKeywordTest (0 ms total)

[----------] Global test environment tear-down
[==========] 1 test from 1 test suite ran. (0 ms total)
[  PASSED  ] 1 test.
<end of output>
Test time =   0.01 sec
----------------------------------------------------------
Test Passed.
"LexerKeywordTest.KeywordsInControlFlow" end time: Dec 08 17:24 CST
"LexerKeywordTest.KeywordsInControlFlow" time elapsed: 00:00:00
----------------------------------------------------------

52/468 Testing: AllC89Keywords/LexerAllKeywordsTest.RecognizesKeyword/32-byte object <61-75 74-6F 00-00 00-00 30-E1 5B-6F 01-00 00-00 90-52 D9-07 02-00 00-04 00-00 00-00 00-00 00-00>
52/468 Test: AllC89Keywords/LexerAllKeywordsTest.RecognizesKeyword/32-byte object <61-75 74-6F 00-00 00-00 30-E1 5B-6F 01-00 00-00 90-52 D9-07 02-00 00-04 00-00 00-00 00-00 00-00>
Command: "/Users/mac/Desktop/c-compiler/software-engineering-project/build/tests/test_lexer_keywords" "--gtest_filter=AllC89Keywords/LexerAllKeywordsTest.RecognizesKeyword/0" "--gtest_also_run_disabled_tests"
Directory: /Users/mac/Desktop/c-compiler/software-engineering-project/build/tests
"AllC89Keywords/LexerAllKeywordsTest.RecognizesKeyword/32-byte object <61-75 74-6F 00-00 00-00 30-E1 5B-6F 01-00 00-00 90-52 D9-07 02-00 00-04 00-00 00-00 00-00 00-00>" start time: Dec 08 17:24 CST
Output:
----------------------------------------------------------
Running main() from /Users/mac/Desktop/c-compiler/software-engineering-project/build/_deps/googletest-src/googletest/src/gtest_main.cc
Note: Google Test filter = AllC89Keywords/LexerAllKeywordsTest.RecognizesKeyword/0
[==========] Running 1 test from 1 test suite.
[----------] Global test environment set-up.
[----------] 1 test from AllC89Keywords/LexerAllKeywordsTest
[ RUN      ] AllC89Keywords/LexerAllKeywordsTest.RecognizesKeyword/0
[       OK ] AllC89Keywords/LexerAllKeywordsTest.RecognizesKeyword/0 (0 ms)
[----------] 1 test from AllC89Keywords/LexerAllKeywordsTest (0 ms total)

[----------] Global test environment tear-down
[==========] 1 test from 1 test suite ran. (0 ms total)
[  PASSED  ] 1 test.
<end of output>
Test time =   0.01 sec
----------------------------------------------------------
Test Passed.
"AllC89Keywords/LexerAllKeywordsTest.RecognizesKeyword/32-byte object <61-75 74-6F 00-00 00-00 30-E1 5B-6F 01-00 00-00 90-52 D9-07 02-00 00-04 00-00 00-00 00-00 00-00>" end time: Dec 08 17:24 CST
"AllC89Keywords/LexerAllKeywordsTest.RecognizesKeyword/32-byte object <61-75 74-6F 00-00 00-00 30-E1 5B-6F 01-00 00-00 90-52 D9-07 02-00 00-04 00-00 00-00 00-00 00-00>" time elapsed: 00:00:00
----------------------------------------------------------

53/468 Testing: AllC89Keywords/LexerAllKeywordsTest.RecognizesKeyword/32-byte object <62-72 65-61 6B-00 00-00 02-00 00-00 00-00 00-00 18-DF 5B-6F 01-00 00-05 01-00 00-00 00-00 00-00>
53/468 Test: AllC89Keywords/LexerAllKeywordsTest.RecognizesKeyword/32-byte object <62-72 65-61 6B-00 00-00 02-00 00-00 00-00 00-00 18-DF 5B-6F 01-00 00-05 01-00 00-00 00-00 00-00>
Command: "/Users/mac/Desktop/c-compiler/software-engineering-project/build/tests/test_lexer_keywords" "--gtest_filter=AllC89Keywords/LexerAllKeywordsTest.RecognizesKeyword/1" "--gtest_also_run_disabled_tests"
Directory: /Users/mac/Desktop/c-compiler/software-engineering-project/build/tests
"AllC89Keywords/LexerAllKeywordsTest.RecognizesKeyword/32-byte object <62-72 65-61 6B-00 00-00 02-00 00-00 00-00 00-00 18-DF 5B-6F 01-00 00-05 01-00 00-00 00-00 00-00>" start time: Dec 08 17:24 CST
Output:
----------------------------------------------------------
Running main() from /Users/mac/Desktop/c-compiler/software-engineering-project/build/_deps/googletest-src/googletest/src/gtest_main.cc
Note: Google Test filter = AllC89Keywords/LexerAllKeywordsTest.RecognizesKeyword/1
[==========] Running 1 test from 1 test suite.
[----------] Global test environment set-up.
[----------] 1 test from AllC89Keywords/LexerAllKeywordsTest
[ RUN      ] AllC89Keywords/LexerAllKeywordsTest.RecognizesKeyword/1
[       OK ] AllC89Keywords/LexerAllKeywordsTest.RecognizesKeyword/1 (0 ms)
[----------] 1 test from AllC89Keywords/LexerAllKeywordsTest (0 ms total)

[----------] Global test environment tear-down
[==========] 1 test from 1 test suite ran. (0 ms total)
[  PASSED  ] 1 test.
<end of output>
Test time =   0.01 sec
----------------------------------------------------------
Test Passed.
"AllC89Keywords/LexerAllKeywordsTest.RecognizesKeyword/32-byte object <62-72 65-61 6B-00 00-00 02-00 00-00 00-00 00-00 18-DF 5B-6F 01-00 00-05 01-00 00-00 00-00 00-00>" end time: Dec 08 17:24 CST
"AllC89Keywords/LexerAllKeywordsTest.RecognizesKeyword/32-byte object <62-72 65-61 6B-00 00-00 02-00 00-00 00-00 00-00 18-DF 5B-6F 01-00 00-05 01-00 00-00 00-00 00-00>" time elapsed: 00:00:00
----------------------------------------------------------

54/468 Testing: AllC89Keywords/LexerAllKeywordsTest.RecognizesKeyword/32-byte object <63-61 73-65 00-0C 48-BC 0C-00 00-00 00-00 00-00 60-57 D9-07 02-00 00-04 02-00 00-00 00-00 00-00>
54/468 Test: AllC89Keywords/LexerAllKeywordsTest.RecognizesKeyword/32-byte object <63-61 73-65 00-0C 48-BC 0C-00 00-00 00-00 00-00 60-57 D9-07 02-00 00-04 02-00 00-00 00-00 00-00>
Command: "/Users/mac/Desktop/c-compiler/software-engineering-project/build/tests/test_lexer_keywords" "--gtest_filter=AllC89Keywords/LexerAllKeywordsTest.RecognizesKeyword/2" "--gtest_also_run_disabled_tests"
Directory: /Users/mac/Desktop/c-compiler/software-engineering-project/build/tests
"AllC89Keywords/LexerAllKeywordsTest.RecognizesKeyword/32-byte object <63-61 73-65 00-0C 48-BC 0C-00 00-00 00-00 00-00 60-57 D9-07 02-00 00-04 02-00 00-00 00-00 00-00>" start time: Dec 08 17:24 CST
Output:
----------------------------------------------------------
Running main() from /Users/mac/Desktop/c-compiler/software-engineering-project/build/_deps/googletest-src/googletest/src/gtest_main.cc
Note: Google Test filter = AllC89Keywords/LexerAllKeywordsTest.RecognizesKeyword/2
[==========] Running 1 test from 1 test suite.
[----------] Global test environment set-up.
[----------] 1 test from AllC89Keywords/LexerAllKeywordsTest
[ RUN      ] AllC89Keywords/LexerAllKeywordsTest.RecognizesKeyword/2
[       OK ] AllC89Keywords/LexerAllKeywordsTest.RecognizesKeyword/2 (0 ms)
[----------] 1 test from AllC89Keywords/LexerAllKeywordsTest (0 ms total)

[----------] Global test environment tear-down
[==========] 1 test from 1 test suite ran. (0 ms total)
[  PASSED  ] 1 test.
<end of output>
Test time =   0.01 sec
----------------------------------------------------------
Test Passed.
"AllC89Keywords/LexerAllKeywordsTest.RecognizesKeyword/32-byte object <63-61 73-65 00-0C 48-BC 0C-00 00-00 00-00 00-00 60-57 D9-07 02-00 00-04 02-00 00-00 00-00 00-00>" end time: Dec 08 17:24 CST
"AllC89Keywords/LexerAllKeywordsTest.RecognizesKeyword/32-byte object <63-61 73-65 00-0C 48-BC 0C-00 00-00 00-00 00-00 60-57 D9-07 02-00 00-04 02-00 00-00 00-00 00-00>" time elapsed: 00:00:00
----------------------------------------------------------

55/468 Testing: AllC89Keywords/LexerAllKeywordsTest.RecognizesKeyword/32-byte object <63-68 61-72 00-00 00-00 00-00 00-00 00-00 00-00 98-DE 5B-6F 01-00 00-04 03-00 00-00 00-00 00-00>
55/468 Test: AllC89Keywords/LexerAllKeywordsTest.RecognizesKeyword/32-byte object <63-68 61-72 00-00 00-00 00-00 00-00 00-00 00-00 98-DE 5B-6F 01-00 00-04 03-00 00-00 00-00 00-00>
Command: "/Users/mac/Desktop/c-compiler/software-engineering-project/build/tests/test_lexer_keywords" "--gtest_filter=AllC89Keywords/LexerAllKeywordsTest.RecognizesKeyword/3" "--gtest_also_run_disabled_tests"
Directory: /Users/mac/Desktop/c-compiler/software-engineering-project/build/tests
"AllC89Keywords/LexerAllKeywordsTest.RecognizesKeyword/32-byte object <63-68 61-72 00-00 00-00 00-00 00-00 00-00 00-00 98-DE 5B-6F 01-00 00-04 03-00 00-00 00-00 00-00>" start time: Dec 08 17:24 CST
Output:
----------------------------------------------------------
Running main() from /Users/mac/Desktop/c-compiler/software-engineering-project/build/_deps/googletest-src/googletest/src/gtest_main.cc
Note: Google Test filter = AllC89Keywords/LexerAllKeywordsTest.RecognizesKeyword/3
[==========] Running 1 test from 1 test suite.
[----------] Global test environment set-up.
[----------] 1 test from AllC89Keywords/LexerAllKeywordsTest
[...]
"JSONSerializerTest.SerializesLogicalNotExpression" time elapsed: 00:00:00
----------------------------------------------------------

456/468 Testing: JSONSerializerTest.SerializesFunctionCall
456/468 Test: JSONSerializerTest.SerializesFunctionCall
Command: "/Users/mac/Desktop/c-compiler/software-engineering-project/build/tests/test_json_serializer" "--gtest_filter=JSONSerializerTest.SerializesFunctionCall" "--gtest_also_run_disabled_tests"
Directory: /Users/mac/Desktop/c-compiler/software-engineering-project/build/tests
"JSONSerializerTest.SerializesFunctionCall" start time: Dec 08 17:24 CST
Output:
----------------------------------------------------------
Running main() from /Users/mac/Desktop/c-compiler/software-engineering-project/build/_deps/googletest-src/googletest/src/gtest_main.cc
Note: Google Test filter = JSONSerializerTest.SerializesFunctionCall
[==========] Running 1 test from 1 test suite.
[----------] Global test environment set-up.
[----------] 1 test from JSONSerializerTest
[ RUN      ] JSONSerializerTest.SerializesFunctionCall
[       OK ] JSONSerializerTest.SerializesFunctionCall (0 ms)
[----------] 1 test from JSONSerializerTest (0 ms total)

[----------] Global test environment tear-down
[==========] 1 test from 1 test suite ran. (0 ms total)
[  PASSED  ] 1 test.
<end of output>
Test time =   0.01 sec
----------------------------------------------------------
Test Passed.
"JSONSerializerTest.SerializesFunctionCall" end time: Dec 08 17:24 CST
"JSONSerializerTest.SerializesFunctionCall" time elapsed: 00:00:00
----------------------------------------------------------

457/468 Testing: JSONSerializerTest.SerializesFunctionCallWithArguments
457/468 Test: JSONSerializerTest.SerializesFunctionCallWithArguments
Command: "/Users/mac/Desktop/c-compiler/software-engineering-project/build/tests/test_json_serializer" "--gtest_filter=JSONSerializerTest.SerializesFunctionCallWithArguments" "--gtest_also_run_disabled_tests"
Directory: /Users/mac/Desktop/c-compiler/software-engineering-project/build/tests
"JSONSerializerTest.SerializesFunctionCallWithArguments" start time: Dec 08 17:24 CST
Output:
----------------------------------------------------------
Running main() from /Users/mac/Desktop/c-compiler/software-engineering-project/build/_deps/googletest-src/googletest/src/gtest_main.cc
Note: Google Test filter = JSONSerializerTest.SerializesFunctionCallWithArguments
[==========] Running 1 test from 1 test suite.
[----------] Global test environment set-up.
[----------] 1 test from JSONSerializerTest
[ RUN      ] JSONSerializerTest.SerializesFunctionCallWithArguments
[       OK ] JSONSerializerTest.SerializesFunctionCallWithArguments (0 ms)
[----------] 1 test from JSONSerializerTest (0 ms total)

[----------] Global test environment tear-down
[==========] 1 test from 1 test suite ran. (0 ms total)
[  PASSED  ] 1 test.
<end of output>
Test time =   0.01 sec
----------------------------------------------------------
Test Passed.
"JSONSerializerTest.SerializesFunctionCallWithArguments" end time: Dec 08 17:24 CST
"JSONSerializerTest.SerializesFunctionCallWithArguments" time elapsed: 00:00:00
----------------------------------------------------------

458/468 Testing: JSONSerializerTest.HandlesNullExpression
458/468 Test: JSONSerializerTest.HandlesNullExpression
Command: "/Users/mac/Desktop/c-compiler/software-engineering-project/build/tests/test_json_serializer" "--gtest_filter=JSONSerializerTest.HandlesNullExpression" "--gtest_also_run_disabled_tests"
Directory: /Users/mac/Desktop/c-compiler/software-engineering-project/build/tests
"JSONSerializerTest.HandlesNullExpression" start time: Dec 08 17:24 CST
Output:
----------------------------------------------------------
Running main() from /Users/mac/Desktop/c-compiler/software-engineering-project/build/_deps/googletest-src/googletest/src/gtest_main.cc
Note: Google Test filter = JSONSerializerTest.HandlesNullExpression
[==========] Running 1 test from 1 test suite.
[----------] Global test environment set-up.
[----------] 1 test from JSONSerializerTest
[ RUN      ] JSONSerializerTest.HandlesNullExpression
[       OK ] JSONSerializerTest.HandlesNullExpression (0 ms)
[----------] 1 test from JSONSerializerTest (0 ms total)

[----------] Global test environment tear-down
[==========] 1 test from 1 test suite ran. (0 ms total)
[  PASSED  ] 1 test.
<end of output>
Test time =   0.01 sec
----------------------------------------------------------
Test Passed.
"JSONSerializerTest.HandlesNullExpression" end time: Dec 08 17:24 CST
"JSONSerializerTest.HandlesNullExpression" time elapsed: 00:00:00
----------------------------------------------------------

459/468 Testing: JSONSerializerTest.HandlesNullStatement
459/468 Test: JSONSerializerTest.HandlesNullStatement
Command: "/Users/mac/Desktop/c-compiler/software-engineering-project/build/tests/test_json_serializer" "--gtest_filter=JSONSerializerTest.HandlesNullStatement" "--gtest_also_run_disabled_tests"
Directory: /Users/mac/Desktop/c-compiler/software-engineering-project/build/tests
"JSONSerializerTest.HandlesNullStatement" start time: Dec 08 17:24 CST
Output:
----------------------------------------------------------
Running main() from /Users/mac/Desktop/c-compiler/software-engineering-project/build/_deps/googletest-src/googletest/src/gtest_main.cc
Note: Google Test filter = JSONSerializerTest.HandlesNullStatement
[==========] Running 1 test from 1 test suite.
[----------] Global test environment set-up.
[----------] 1 test from JSONSerializerTest
[ RUN      ] JSONSerializerTest.HandlesNullStatement
[       OK ] JSONSerializerTest.HandlesNullStatement (0 ms)
[----------] 1 test from JSONSerializerTest (0 ms total)

[----------] Global test environment tear-down
[==========] 1 test from 1 test suite ran. (0 ms total)
[  PASSED  ] 1 test.
<end of output>
Test time =   0.01 sec
----------------------------------------------------------
Test Passed.
"JSONSerializerTest.HandlesNullStatement" end time: Dec 08 17:24 CST
"JSONSerializerTest.HandlesNullStatement" time elapsed: 00:00:00
----------------------------------------------------------

460/468 Testing: JSONSerializerTest.HandlesNullDeclaration
460/468 Test: JSONSerializerTest.HandlesNullDeclaration
Command: "/Users/mac/Desktop/c-compiler/software-engineering-project/build/tests/test_json_serializer" "--gtest_filter=JSONSerializerTest.HandlesNullDeclaration" "--gtest_also_run_disabled_tests"
Directory: /Users/mac/Desktop/c-compiler/software-engineering-project/build/tests
"JSONSerializerTest.HandlesNullDeclaration" start time: Dec 08 17:24 CST
Output:
----------------------------------------------------------
Running main() from /Users/mac/Desktop/c-compiler/software-engineering-project/build/_deps/googletest-src/googletest/src/gtest_main.cc
Note: Google Test filter = JSONSerializerTest.HandlesNullDeclaration
[==========] Running 1 test from 1 test suite.
[----------] Global test environment set-up.
[----------] 1 test from JSONSerializerTest
[ RUN      ] JSONSerializerTest.HandlesNullDeclaration
[       OK ] JSONSerializerTest.HandlesNullDeclaration (0 ms)
[----------] 1 test from JSONSerializerTest (0 ms total)

[----------] Global test environment tear-down
[==========] 1 test from 1 test suite ran. (0 ms total)
[  PASSED  ] 1 test.
<end of output>
Test time =   0.01 sec
----------------------------------------------------------
Test Passed.
"JSONSerializerTest.HandlesNullDeclaration" end time: Dec 08 17:24 CST
"JSONSerializerTest.HandlesNullDeclaration" time elapsed: 00:00:00
----------------------------------------------------------

461/468 Testing: JSONSerializerTest.AllTokenFieldsArePresent
461/468 Test: JSONSerializerTest.AllTokenFieldsArePresent
Command: "/Users/mac/Desktop/c-compiler/software-engineering-project/build/tests/test_json_serializer" "--gtest_filter=JSONSerializerTest.AllTokenFieldsArePresent" "--gtest_also_run_disabled_tests"
Directory: /Users/mac/Desktop/c-compiler/software-engineering-project/build/tests
"JSONSerializerTest.AllTokenFieldsArePresent" start time: Dec 08 17:24 CST
Output:
----------------------------------------------------------
Running main() from /Users/mac/Desktop/c-compiler/software-engineering-project/build/_deps/googletest-src/googletest/src/gtest_main.cc
Note: Google Test filter = JSONSerializerTest.AllTokenFieldsArePresent
[==========] Running 1 test from 1 test suite.
[----------] Global test environment set-up.
[----------] 1 test from JSONSerializerTest
[ RUN      ] JSONSerializerTest.AllTokenFieldsArePresent
[       OK ] JSONSerializerTest.AllTokenFieldsArePresent (0 ms)
[----------] 1 test from JSONSerializerTest (0 ms total)

[----------] Global test environment tear-down
[==========] 1 test from 1 test suite ran. (0 ms total)
[  PASSED  ] 1 test.
<end of output>
Test time =   0.01 sec
----------------------------------------------------------
Test Passed.
"JSONSerializerTest.AllTokenFieldsArePresent" end time: Dec 08 17:24 CST
"JSONSerializerTest.AllTokenFieldsArePresent" time elapsed: 00:00:00
----------------------------------------------------------

462/468 Testing: JSONSerializerTest.AllExpressionFieldsArePresent
462/468 Test: JSONSerializerTest.AllExpressionFieldsArePresent
Command: "/Users/mac/Desktop/c-compiler/software-engineering-project/build/tests/test_json_serializer" "--gtest_filter=JSONSerializerTest.AllExpressionFieldsArePresent" "--gtest_also_run_disabled_tests"
Directory: /Users/mac/Desktop/c-compiler/software-engineering-project/build/tests
"JSONSerializerTest.AllExpressionFieldsArePresent" start time: Dec 08 17:24 CST
Output:
----------------------------------------------------------
Running main() from /Users/mac/Desktop/c-compiler/software-engineering-project/build/_deps/googletest-src/googletest/src/gtest_main.cc
Note: Google Test filter = JSONSerializerTest.AllExpressionFieldsArePresent
[==========] Running 1 test from 1 test suite.
[----------] Global test environment set-up.
[----------] 1 test from JSONSerializerTest
[ RUN      ] JSONSerializerTest.AllExpressionFieldsArePresent
[       OK ] JSONSerializerTest.AllExpressionFieldsArePresent (0 ms)
[----------] 1 test from JSONSerializerTest (0 ms total)

[----------] Global test environment tear-down
[==========] 1 test from 1 test suite ran. (0 ms total)
[  PASSED  ] 1 test.
<end of output>
Test time =   0.01 sec
----------------------------------------------------------
Test Passed.
"JSONSerializerTest.AllExpressionFieldsArePresent" end time: Dec 08 17:24 CST
"JSONSerializerTest.AllExpressionFieldsArePresent" time elapsed: 00:00:00
----------------------------------------------------------

463/468 Testing: JSONSerializerTest.JSONObjectsAreWellFormed
463/468 Test: JSONSerializerTest.JSONObjectsAreWellFormed
Command: "/Users/mac/Desktop/c-compiler/software-engineering-project/build/tests/test_json_serializer" "--gtest_filter=JSONSerializerTest.JSONObjectsAreWellFormed" "--gtest_also_run_disabled_tests"
Directory: /Users/mac/Desktop/c-compiler/software-engineering-project/build/tests
"JSONSerializerTest.JSONObjectsAreWellFormed" start time: Dec 08 17:24 CST
Output:
----------------------------------------------------------
Running main() from /Users/mac/Desktop/c-compiler/software-engineering-project/build/_deps/googletest-src/googletest/src/gtest_main.cc
Note: Google Test filter = JSONSerializerTest.JSONObjectsAreWellFormed
[==========] Running 1 test from 1 test suite.
[----------] Global test environment set-up.
[----------] 1 test from JSONSerializerTest
[ RUN      ] JSONSerializerTest.JSONObjectsAreWellFormed
[       OK ] JSONSerializerTest.JSONObjectsAreWellFormed (0 ms)
[----------] 1 test from JSONSerializerTest (0 ms total)

[----------] Global test environment tear-down
[==========] 1 test from 1 test suite ran. (0 ms total)
[  PASSED  ] 1 test.
<end of output>
Test time =   0.01 sec
----------------------------------------------------------
Test Passed.
"JSONSerializerTest.JSONObjectsAreWellFormed" end time: Dec 08 17:24 CST
"JSONSerializerTest.JSONObjectsAreWellFormed" time elapsed: 00:00:00
----------------------------------------------------------

464/468 Testing: JSONSerializerTest.SerializesComplexExpression
464/468 Test: JSONSerializerTest.SerializesComplexExpression
Command: "/Users/mac/Desktop/c-compiler/software-engineering-project/build/tests/test_json_serializer" "--gtest_filter=JSONSerializerTest.SerializesComplexExpression" "--gtest_also_run_disabled_tests"
Directory: /Users/mac/Desktop/c-compiler/software-engineering-project/build/tests
"JSONSerializerTest.SerializesComplexExpression" start time: Dec 08 17:24 CST
Output:
----------------------------------------------------------
Running main() from /Users/mac/Desktop/c-compiler/software-engineering-project/build/_deps/googletest-src/googletest/src/gtest_main.cc
Note: Google Test filter = JSONSerializerTest.SerializesComplexExpression
[==========] Running 1 test from 1 test suite.
[----------] Global test environment set-up.
[----------] 1 test from JSONSerializerTest
[ RUN      ] JSONSerializerTest.SerializesComplexExpression
[       OK ] JSONSerializerTest.SerializesComplexExpression (0 ms)
[----------] 1 test from JSONSerializerTest (0 ms total)

[----------] Global test environment tear-down
[==========] 1 test from 1 test suite ran. (0 ms total)
[  PASSED  ] 1 test.
<end of output>
Test time =   0.01 sec
----------------------------------------------------------
Test Passed.
"JSONSerializerTest.SerializesComplexExpression" end time: Dec 08 17:24 CST
"JSONSerializerTest.SerializesComplexExpression" time elapsed: 00:00:00
----------------------------------------------------------

465/468 Testing: JSONSerializerTest.SerializationPreservesStructure
465/468 Test: JSONSerializerTest.SerializationPreservesStructure
Command: "/Users/mac/Desktop/c-compiler/software-engineering-project/build/tests/test_json_serializer" "--gtest_filter=JSONSerializerTest.SerializationPreservesStructure" "--gtest_also_run_disabled_tests"
Directory: /Users/mac/Desktop/c-compiler/software-engineering-project/build/tests
"JSONSerializerTest.SerializationPreservesStructure" start time: Dec 08 17:24 CST
Output:
----------------------------------------------------------
Running main() from /Users/mac/Desktop/c-compiler/software-engineering-project/build/_deps/googletest-src/googletest/src/gtest_main.cc
Note: Google Test filter = JSONSerializerTest.SerializationPreservesStructure
[==========] Running 1 test from 1 test suite.
[----------] Global test environment set-up.
[----------] 1 test from JSONSerializerTest
[ RUN      ] JSONSerializerTest.SerializationPreservesStructure
[       OK ] JSONSerializerTest.SerializationPreservesStructure (0 ms)
[----------] 1 test from JSONSerializerTest (0 ms total)

[----------] Global test environment tear-down
[==========] 1 test from 1 test suite ran. (0 ms total)
[  PASSED  ] 1 test.
<end of output>
Test time =   0.01 sec
----------------------------------------------------------
Test Passed.
"JSONSerializerTest.SerializationPreservesStructure" end time: Dec 08 17:24 CST
"JSONSerializerTest.SerializationPreservesStructure" time elapsed: 00:00:00
----------------------------------------------------------

466/468 Testing: JSONSerializerTest.HandlesSpecialCharactersInTokenValues
466/468 Test: JSONSerializerTest.HandlesSpecialCharactersInTokenValues
Command: "/Users/mac/Desktop/c-compiler/software-engineering-project/build/tests/test_json_serializer" "--gtest_filter=JSONSerializerTest.HandlesSpecialCharactersInTokenValues" "--gtest_also_run_disabled_tests"
Directory: /Users/mac/Desktop/c-compiler/software-engineering-project/build/tests
"JSONSerializerTest.HandlesSpecialCharactersInTokenValues" start time: Dec 08 17:24 CST
Output:
----------------------------------------------------------
Running main() from /Users/mac/Desktop/c-compiler/software-engineering-project/build/_deps/googletest-src/googletest/src/gtest_main.cc
Note: Google Test filter = JSONSerializerTest.HandlesSpecialCharactersInTokenValues
[==========] Running 1 test from 1 test suite.
[----------] Global test environment set-up.
[----------] 1 test from JSONSerializerTest
[ RUN      ] JSONSerializerTest.HandlesSpecialCharactersInTokenValues
[       OK ] JSONSerializerTest.HandlesSpecialCharactersInTokenValues (0 ms)
[----------] 1 test from JSONSerializerTest (0 ms total)

[----------] Global test environment tear-down
[==========] 1 test from 1 test suite ran. (0 ms total)
[  PASSED  ] 1 test.
<end of output>
Test time =   0.01 sec
----------------------------------------------------------
Test Passed.
"JSONSerializerTest.HandlesSpecialCharactersInTokenValues" end time: Dec 08 17:24 CST
"JSONSerializerTest.HandlesSpecialCharactersInTokenValues" time elapsed: 00:00:00
----------------------------------------------------------

467/468 Testing: JSONSerializerTest.HandlesUnicodeInIdentifiers
467/468 Test: JSONSerializerTest.HandlesUnicodeInIdentifiers
Command: "/Users/mac/Desktop/c-compiler/software-engineering-project/build/tests/test_json_serializer" "--gtest_filter=JSONSerializerTest.HandlesUnicodeInIdentifiers" "--gtest_also_run_disabled_tests"
Directory: /Users/mac/Desktop/c-compiler/software-engineering-project/build/tests
"JSONSerializerTest.HandlesUnicodeInIdentifiers" start time: Dec 08 17:24 CST
Output:
----------------------------------------------------------
Running main() from /Users/mac/Desktop/c-compiler/software-engineering-project/build/_deps/googletest-src/googletest/src/gtest_main.cc
Note: Google Test filter = JSONSerializerTest.HandlesUnicodeInIdentifiers
[==========] Running 1 test from 1 test suite.
[----------] Global test environment set-up.
[----------] 1 test from JSONSerializerTest
[ RUN      ] JSONSerializerTest.HandlesUnicodeInIdentifiers
[       OK ] JSONSerializerTest.HandlesUnicodeInIdentifiers (0 ms)
[----------] 1 test from JSONSerializerTest (0 ms total)

[----------] Global test environment tear-down
[==========] 1 test from 1 test suite ran. (0 ms total)
[  PASSED  ] 1 test.
<end of output>
Test time =   0.01 sec
----------------------------------------------------------
Test Passed.
"JSONSerializerTest.HandlesUnicodeInIdentifiers" end time: Dec 08 17:24 CST
"JSONSerializerTest.HandlesUnicodeInIdentifiers" time elapsed: 00:00:00
----------------------------------------------------------

468/468 Testing: JSONSerializerTest.HandlesEmptyStringValue
468/468 Test: JSONSerializerTest.HandlesEmptyStringValue
Command: "/Users/mac/Desktop/c-compiler/software-engineering-project/build/tests/test_json_serializer" "--gtest_filter=JSONSerializerTest.HandlesEmptyStringValue" "--gtest_also_run_disabled_tests"
Directory: /Users/mac/Desktop/c-compiler/software-engineering-project/build/tests
"JSONSerializerTest.HandlesEmptyStringValue" start time: Dec 08 17:24 CST
Output:
----------------------------------------------------------
Running main() from /Users/mac/Desktop/c-compiler/software-engineering-project/build/_deps/googletest-src/googletest/src/gtest_main.cc
Note: Google Test filter = JSONSerializerTest.HandlesEmptyStringValue
[==========] Running 1 test from 1 test suite.
[----------] Global test environment set-up.
[----------] 1 test from JSONSerializerTest
[ RUN      ] JSONSerializerTest.HandlesEmptyStringValue
[       OK ] JSONSerializerTest.HandlesEmptyStringValue (0 ms)
[----------] 1 test from JSONSerializerTest (0 ms total)

[----------] Global test environment tear-down
[==========] 1 test from 1 test suite ran. (0 ms total)
[  PASSED  ] 1 test.
<end of output>
Test time =   0.01 sec
----------------------------------------------------------
Test Passed.
"JSONSerializerTest.HandlesEmptyStringValue" end time: Dec 08 17:24 CST
"JSONSerializerTest.HandlesEmptyStringValue" time elapsed: 00:00:00
----------------------------------------------------------

End testing: Dec 08 17:24 CST
